Simulator report for Part1
Fri Mar 18 15:15:28 2016
Quartus II Version 9.1 Build 350 03/24/2010 Service Pack 2 SJ Web Edition


---------------------
; Table of Contents ;
---------------------
  1. Legal Notice
  2. Simulator Summary
  3. Simulator Settings
  4. Simulation Waveforms
  5. Coverage Summary
  6. Complete 1/0-Value Coverage
  7. Missing 1-Value Coverage
  8. Missing 0-Value Coverage
  9. Simulator INI Usage
 10. Simulator Messages



----------------
; Legal Notice ;
----------------
Copyright (C) 1991-2010 Altera Corporation
Your use of Altera Corporation's design tools, logic functions 
and other software and tools, and its AMPP partner logic 
functions, and any output files from any of the foregoing 
(including device programming or simulation files), and any 
associated documentation or information are expressly subject 
to the terms and conditions of the Altera Program License 
Subscription Agreement, Altera MegaCore Function License 
Agreement, or other applicable license agreement, including, 
without limitation, that your use is for the sole purpose of 
programming logic devices manufactured by Altera and sold by 
Altera or its authorized distributors.  Please refer to the 
applicable agreement for further details.



+--------------------------------------------+
; Simulator Summary                          ;
+-----------------------------+--------------+
; Type                        ; Value        ;
+-----------------------------+--------------+
; Simulation Start Time       ; 0 ps         ;
; Simulation End Time         ; 1.0 us       ;
; Simulation Netlist Size     ; 47 nodes     ;
; Simulation Coverage         ;      95.74 % ;
; Total Number of Transitions ; 330          ;
; Simulation Breakpoints      ; 0            ;
; Family                      ; MAX3000A     ;
+-----------------------------+--------------+


+--------------------------------------------------------------------------------------------------------------------------+
; Simulator Settings                                                                                                       ;
+--------------------------------------------------------------------------------------------+-------------+---------------+
; Option                                                                                     ; Setting     ; Default Value ;
+--------------------------------------------------------------------------------------------+-------------+---------------+
; Simulation mode                                                                            ; Functional  ; Timing        ;
; Start time                                                                                 ; 0 ns        ; 0 ns          ;
; Simulation results format                                                                  ; CVWF        ;               ;
; Vector input source                                                                        ; part2_2.vwf ;               ;
; Add pins automatically to simulation output waveforms                                      ; On          ; On            ;
; Check outputs                                                                              ; Off         ; Off           ;
; Report simulation coverage                                                                 ; On          ; On            ;
; Display complete 1/0 value coverage report                                                 ; On          ; On            ;
; Display missing 1-value coverage report                                                    ; On          ; On            ;
; Display missing 0-value coverage report                                                    ; On          ; On            ;
; Detect setup and hold time violations                                                      ; Off         ; Off           ;
; Detect glitches                                                                            ; Off         ; Off           ;
; Disable timing delays in Timing Simulation                                                 ; Off         ; Off           ;
; Generate Signal Activity File                                                              ; Off         ; Off           ;
; Generate VCD File for PowerPlay Power Analyzer                                             ; Off         ; Off           ;
; Group bus channels in simulation results                                                   ; Off         ; Off           ;
; Preserve fewer signal transitions to reduce memory requirements                            ; On          ; On            ;
; Trigger vector comparison with the specified mode                                          ; INPUT_EDGE  ; INPUT_EDGE    ;
; Disable setup and hold time violations detection in input registers of bi-directional pins ; Off         ; Off           ;
; Overwrite Waveform Inputs With Simulation Outputs                                          ; On          ;               ;
; Perform Glitch Filtering in Timing Simulation                                              ; Auto        ; Auto          ;
+--------------------------------------------------------------------------------------------+-------------+---------------+


+----------------------+
; Simulation Waveforms ;
+----------------------+
Waveform report data cannot be output to ASCII.
Please use Quartus II to view the waveform report data.


+--------------------------------------------------------------------+
; Coverage Summary                                                   ;
+-----------------------------------------------------+--------------+
; Type                                                ; Value        ;
+-----------------------------------------------------+--------------+
; Total coverage as a percentage                      ;      95.74 % ;
; Total nodes checked                                 ; 47           ;
; Total output ports checked                          ; 47           ;
; Total output ports with complete 1/0-value coverage ; 45           ;
; Total output ports with no 1/0-value coverage       ; 2            ;
; Total output ports with no 1-value coverage         ; 2            ;
; Total output ports with no 0-value coverage         ; 2            ;
+-----------------------------------------------------+--------------+


The following table displays output ports that toggle between 1 and 0 during simulation.
+------------------------------------------------------------------------------------+
; Complete 1/0-Value Coverage                                                        ;
+--------------------------------+--------------------------------+------------------+
; Node Name                      ; Output Port Name               ; Output Port Type ;
+--------------------------------+--------------------------------+------------------+
; |part2_2|D2                    ; |part2_2|D2                    ; pin_out          ;
; |part2_2|Q2                    ; |part2_2|Q2                    ; pin_out          ;
; |part2_2|inst15                ; |part2_2|inst15                ; regout           ;
; |part2_2|CLK                   ; |part2_2|CLK                   ; out              ;
; |part2_2|Q1                    ; |part2_2|Q1                    ; pin_out          ;
; |part2_2|inst16                ; |part2_2|inst16                ; regout           ;
; |part2_2|D1                    ; |part2_2|D1                    ; pin_out          ;
; |part2_2|Q0                    ; |part2_2|Q0                    ; pin_out          ;
; |part2_2|inst17                ; |part2_2|inst17                ; regout           ;
; |part2_2|D0                    ; |part2_2|D0                    ; pin_out          ;
; |part2_2|CW                    ; |part2_2|CW                    ; out              ;
; |part2_2|EV                    ; |part2_2|EV                    ; out              ;
; |part2_2|Green                 ; |part2_2|Green                 ; pin_out          ;
; |part2_2|Yellow                ; |part2_2|Yellow                ; pin_out          ;
; |part2_2|Red                   ; |part2_2|Red                   ; pin_out          ;
; |part2_2|part2_1:inst|D2~1     ; |part2_2|part2_1:inst|D2~1     ; out0             ;
; |part2_2|part2_1:inst|D2~2     ; |part2_2|part2_1:inst|D2~2     ; out0             ;
; |part2_2|part2_1:inst|D2~4     ; |part2_2|part2_1:inst|D2~4     ; out0             ;
; |part2_2|part2_1:inst|Red      ; |part2_2|part2_1:inst|Red      ; out0             ;
; |part2_2|part2_1:inst|D2~9     ; |part2_2|part2_1:inst|D2~9     ; out0             ;
; |part2_2|part2_1:inst|D2       ; |part2_2|part2_1:inst|D2       ; out0             ;
; |part2_2|part2_1:inst|D1~0     ; |part2_2|part2_1:inst|D1~0     ; out0             ;
; |part2_2|part2_1:inst|D1~1     ; |part2_2|part2_1:inst|D1~1     ; out0             ;
; |part2_2|part2_1:inst|D1~2     ; |part2_2|part2_1:inst|D1~2     ; out0             ;
; |part2_2|part2_1:inst|D1~3     ; |part2_2|part2_1:inst|D1~3     ; out0             ;
; |part2_2|part2_1:inst|D1~5     ; |part2_2|part2_1:inst|D1~5     ; out0             ;
; |part2_2|part2_1:inst|D1~6     ; |part2_2|part2_1:inst|D1~6     ; out0             ;
; |part2_2|part2_1:inst|D1~7     ; |part2_2|part2_1:inst|D1~7     ; out0             ;
; |part2_2|part2_1:inst|D1       ; |part2_2|part2_1:inst|D1       ; out0             ;
; |part2_2|part2_1:inst|D0~0     ; |part2_2|part2_1:inst|D0~0     ; out0             ;
; |part2_2|part2_1:inst|D0~1     ; |part2_2|part2_1:inst|D0~1     ; out0             ;
; |part2_2|part2_1:inst|D0~2     ; |part2_2|part2_1:inst|D0~2     ; out0             ;
; |part2_2|part2_1:inst|D0~3     ; |part2_2|part2_1:inst|D0~3     ; out0             ;
; |part2_2|part2_1:inst|D0~4     ; |part2_2|part2_1:inst|D0~4     ; out0             ;
; |part2_2|part2_1:inst|D0       ; |part2_2|part2_1:inst|D0       ; out0             ;
; |part2_2|part2_1:inst|Green~0  ; |part2_2|part2_1:inst|Green~0  ; out0             ;
; |part2_2|part2_1:inst|Green~1  ; |part2_2|part2_1:inst|Green~1  ; out0             ;
; |part2_2|part2_1:inst|Green~2  ; |part2_2|part2_1:inst|Green~2  ; out0             ;
; |part2_2|part2_1:inst|Green~3  ; |part2_2|part2_1:inst|Green~3  ; out0             ;
; |part2_2|part2_1:inst|Green    ; |part2_2|part2_1:inst|Green    ; out0             ;
; |part2_2|part2_1:inst|Yellow~0 ; |part2_2|part2_1:inst|Yellow~0 ; out0             ;
; |part2_2|part2_1:inst|Yellow~1 ; |part2_2|part2_1:inst|Yellow~1 ; out0             ;
; |part2_2|part2_1:inst|Yellow~2 ; |part2_2|part2_1:inst|Yellow~2 ; out0             ;
; |part2_2|part2_1:inst|Yellow~3 ; |part2_2|part2_1:inst|Yellow~3 ; out0             ;
; |part2_2|part2_1:inst|Yellow   ; |part2_2|part2_1:inst|Yellow   ; out0             ;
+--------------------------------+--------------------------------+------------------+


The following table displays output ports that do not toggle to 1 during simulation.
+----------------------------------------------------------------------------+
; Missing 1-Value Coverage                                                   ;
+----------------------------+----------------------------+------------------+
; Node Name                  ; Output Port Name           ; Output Port Type ;
+----------------------------+----------------------------+------------------+
; |part2_2|R                 ; |part2_2|R                 ; out              ;
; |part2_2|part2_1:inst|D2~8 ; |part2_2|part2_1:inst|D2~8 ; out0             ;
+----------------------------+----------------------------+------------------+


The following table displays output ports that do not toggle to 0 during simulation.
+----------------------------------------------------------------------------+
; Missing 0-Value Coverage                                                   ;
+----------------------------+----------------------------+------------------+
; Node Name                  ; Output Port Name           ; Output Port Type ;
+----------------------------+----------------------------+------------------+
; |part2_2|R                 ; |part2_2|R                 ; out              ;
; |part2_2|part2_1:inst|D2~8 ; |part2_2|part2_1:inst|D2~8 ; out0             ;
+----------------------------+----------------------------+------------------+


+---------------------+
; Simulator INI Usage ;
+--------+------------+
; Option ; Usage      ;
+--------+------------+


+--------------------+
; Simulator Messages ;
+--------------------+
Info: *******************************************************************
Info: Running Quartus II Simulator
    Info: Version 9.1 Build 350 03/24/2010 Service Pack 2 SJ Web Edition
    Info: Processing started: Fri Mar 18 15:15:28 2016
Info: Command: quartus_sim --read_settings_files=on --write_settings_files=off Part1 -c Part1
Info: Using vector source file "C:/Users/Mitch/Classes/Spring 2016/EEL 3701_Digital Logic/Lab 7/part2_2.vwf"
Info: Overwriting simulation input file with simulation results
    Info: A backup of part2_2.vwf called Part1.sim_ori.vwf has been created in the db folder
Info: Option to preserve fewer signal transitions to reduce memory requirements is enabled
    Info: Simulation has been partitioned into sub-simulations according to the maximum transition count determined by the engine. Transitions from memory will be flushed out to disk at the end of each sub-simulation to reduce memory requirements.
Warning: Found clock-sensitive change during active clock edge at time 650.0 ns on register "|part2_2|inst17"
Warning: Found clock-sensitive change during active clock edge at time 750.0 ns on register "|part2_2|inst16"
Info: Simulation partitioned into 1 sub-simulations
Info: Simulation coverage is      95.74 %
Info: Number of transitions in simulation is 330
Info: Vector file part2_2.vwf is saved in VWF text format. You can compress it into CVWF format in order to reduce file size. For more details please refer to the Quartus II Help.
Info: Quartus II Simulator was successful. 0 errors, 2 warnings
    Info: Peak virtual memory: 155 megabytes
    Info: Processing ended: Fri Mar 18 15:15:28 2016
    Info: Elapsed time: 00:00:00
    Info: Total CPU time (on all processors): 00:00:00


