Classic Timing Analyzer report for lab7_part3
Mon Mar 23 22:25:10 2015
Quartus II Version 9.1 Build 350 03/24/2010 Service Pack 2 SJ Web Edition


---------------------
; Table of Contents ;
---------------------
  1. Legal Notice
  2. Timing Analyzer Summary
  3. Timing Analyzer Settings
  4. Clock Settings Summary
  5. Parallel Compilation
  6. tsu
  7. tco
  8. th
  9. Timing Analyzer Messages



----------------
; Legal Notice ;
----------------
Copyright (C) 1991-2010 Altera Corporation
Your use of Altera Corporation's design tools, logic functions 
and other software and tools, and its AMPP partner logic 
functions, and any output files from any of the foregoing 
(including device programming or simulation files), and any 
associated documentation or information are expressly subject 
to the terms and conditions of the Altera Program License 
Subscription Agreement, Altera MegaCore Function License 
Agreement, or other applicable license agreement, including, 
without limitation, that your use is for the sole purpose of 
programming logic devices manufactured by Altera and sold by 
Altera or its authorized distributors.  Please refer to the 
applicable agreement for further details.



+---------------------------------------------------------------------------------------------------------------------------+
; Timing Analyzer Summary                                                                                                   ;
+------------------------------+-------+---------------+-------------+-------+-------+------------+----------+--------------+
; Type                         ; Slack ; Required Time ; Actual Time ; From  ; To    ; From Clock ; To Clock ; Failed Paths ;
+------------------------------+-------+---------------+-------------+-------+-------+------------+----------+--------------+
; Worst-case tsu               ; N/A   ; None          ; 6.200 ns    ; D0    ; inst2 ; --         ; CLK      ; 0            ;
; Worst-case tco               ; N/A   ; None          ; 7.000 ns    ; inst2 ; Q0    ; CLK        ; --       ; 0            ;
; Worst-case th                ; N/A   ; None          ; -2.000 ns   ; D0    ; inst2 ; --         ; CLK      ; 0            ;
; Total number of failed paths ;       ;               ;             ;       ;       ;            ;          ; 0            ;
+------------------------------+-------+---------------+-------------+-------+-------+------------+----------+--------------+


+-----------------------------------------------------------------------------------------------------------------------------------------------------+
; Timing Analyzer Settings                                                                                                                            ;
+------------------------------------------------------------------------------------------------------+--------------------+------+----+-------------+
; Option                                                                                               ; Setting            ; From ; To ; Entity Name ;
+------------------------------------------------------------------------------------------------------+--------------------+------+----+-------------+
; Device Name                                                                                          ; EPM3064ALC44-10    ;      ;    ;             ;
; Timing Models                                                                                        ; Final              ;      ;    ;             ;
; Default hold multicycle                                                                              ; Same as Multicycle ;      ;    ;             ;
; Cut paths between unrelated clock domains                                                            ; On                 ;      ;    ;             ;
; Cut off read during write signal paths                                                               ; On                 ;      ;    ;             ;
; Cut off feedback from I/O pins                                                                       ; On                 ;      ;    ;             ;
; Report Combined Fast/Slow Timing                                                                     ; Off                ;      ;    ;             ;
; Ignore Clock Settings                                                                                ; Off                ;      ;    ;             ;
; Analyze latches as synchronous elements                                                              ; On                 ;      ;    ;             ;
; Enable Recovery/Removal analysis                                                                     ; Off                ;      ;    ;             ;
; Enable Clock Latency                                                                                 ; Off                ;      ;    ;             ;
; Use TimeQuest Timing Analyzer                                                                        ; Off                ;      ;    ;             ;
; Minimum Core Junction Temperature                                                                    ; 0                  ;      ;    ;             ;
; Maximum Core Junction Temperature                                                                    ; 85                 ;      ;    ;             ;
; Number of source nodes to report per destination node                                                ; 10                 ;      ;    ;             ;
; Number of destination nodes to report                                                                ; 10                 ;      ;    ;             ;
; Number of paths to report                                                                            ; 200                ;      ;    ;             ;
; Report Minimum Timing Checks                                                                         ; Off                ;      ;    ;             ;
; Use Fast Timing Models                                                                               ; Off                ;      ;    ;             ;
; Report IO Paths Separately                                                                           ; Off                ;      ;    ;             ;
; Perform Multicorner Analysis                                                                         ; Off                ;      ;    ;             ;
; Reports the worst-case path for each clock domain and analysis                                       ; Off                ;      ;    ;             ;
; Reports worst-case timing paths for each clock domain and analysis                                   ; On                 ;      ;    ;             ;
; Specifies the maximum number of worst-case timing paths to report for each clock domain and analysis ; 100                ;      ;    ;             ;
; Removes common clock path pessimism (CCPP) during slack computation                                  ; Off                ;      ;    ;             ;
; Output I/O Timing Endpoint                                                                           ; Near End           ;      ;    ;             ;
+------------------------------------------------------------------------------------------------------+--------------------+------+----+-------------+


+------------------------------------------------------------------------------------------------------------------------------------------------------------------------------------+
; Clock Settings Summary                                                                                                                                                             ;
+-----------------+--------------------+----------+------------------+---------------+--------------+----------+-----------------------+---------------------+--------+--------------+
; Clock Node Name ; Clock Setting Name ; Type     ; Fmax Requirement ; Early Latency ; Late Latency ; Based on ; Multiply Base Fmax by ; Divide Base Fmax by ; Offset ; Phase offset ;
+-----------------+--------------------+----------+------------------+---------------+--------------+----------+-----------------------+---------------------+--------+--------------+
; CLK             ;                    ; User Pin ; None             ; 0.000 ns      ; 0.000 ns     ; --       ; N/A                   ; N/A                 ; N/A    ;              ;
+-----------------+--------------------+----------+------------------+---------------+--------------+----------+-----------------------+---------------------+--------+--------------+


Parallel compilation was disabled, but you have multiple processors available. Enable parallel compilation to reduce compilation time.
+-------------------------------------+
; Parallel Compilation                ;
+----------------------------+--------+
; Processors                 ; Number ;
+----------------------------+--------+
; Number detected on machine ; 2      ;
; Maximum allowed            ; 1      ;
+----------------------------+--------+


+-------------------------------------------------------------+
; tsu                                                         ;
+-------+--------------+------------+------+-------+----------+
; Slack ; Required tsu ; Actual tsu ; From ; To    ; To Clock ;
+-------+--------------+------------+------+-------+----------+
; N/A   ; None         ; 6.200 ns   ; D2   ; inst4 ; CLK      ;
; N/A   ; None         ; 6.200 ns   ; D1   ; inst3 ; CLK      ;
; N/A   ; None         ; 6.200 ns   ; D0   ; inst2 ; CLK      ;
+-------+--------------+------------+------+-------+----------+


+-------------------------------------------------------------+
; tco                                                         ;
+-------+--------------+------------+-------+----+------------+
; Slack ; Required tco ; Actual tco ; From  ; To ; From Clock ;
+-------+--------------+------------+-------+----+------------+
; N/A   ; None         ; 7.000 ns   ; inst4 ; Q2 ; CLK        ;
; N/A   ; None         ; 7.000 ns   ; inst3 ; Q1 ; CLK        ;
; N/A   ; None         ; 7.000 ns   ; inst2 ; Q0 ; CLK        ;
+-------+--------------+------------+-------+----+------------+


+-------------------------------------------------------------------+
; th                                                                ;
+---------------+-------------+-----------+------+-------+----------+
; Minimum Slack ; Required th ; Actual th ; From ; To    ; To Clock ;
+---------------+-------------+-----------+------+-------+----------+
; N/A           ; None        ; -2.000 ns ; D2   ; inst4 ; CLK      ;
; N/A           ; None        ; -2.000 ns ; D1   ; inst3 ; CLK      ;
; N/A           ; None        ; -2.000 ns ; D0   ; inst2 ; CLK      ;
+---------------+-------------+-----------+------+-------+----------+


+--------------------------+
; Timing Analyzer Messages ;
+--------------------------+
Info: *******************************************************************
Info: Running Quartus II Classic Timing Analyzer
    Info: Version 9.1 Build 350 03/24/2010 Service Pack 2 SJ Web Edition
    Info: Processing started: Mon Mar 23 22:25:10 2015
Info: Command: quartus_tan --read_settings_files=off --write_settings_files=off lab7_part3 -c lab7_part3
Info: Started post-fitting delay annotation
Info: Delay annotation completed successfully
Warning: Timing Analysis does not support the analysis of latches as synchronous elements for the currently selected device family
Warning: Found pins functioning as undefined clocks and/or memory enables
    Info: Assuming node "CLK" is an undefined clock
Info: No valid register-to-register data paths exist for clock "CLK"
Info: tsu for register "inst4" (data pin = "D2", clock pin = "CLK") is 6.200 ns
    Info: + Longest pin to register delay is 6.900 ns
        Info: 1: + IC(0.000 ns) + CELL(1.400 ns) = 1.400 ns; Loc. = PIN_40; Fanout = 1; PIN Node = 'D2'
        Info: 2: + IC(2.300 ns) + CELL(3.200 ns) = 6.900 ns; Loc. = LC4; Fanout = 1; REG Node = 'inst4'
        Info: Total cell delay = 4.600 ns ( 66.67 % )
        Info: Total interconnect delay = 2.300 ns ( 33.33 % )
    Info: + Micro setup delay of destination is 2.900 ns
    Info: - Shortest clock path from clock "CLK" to destination register is 3.600 ns
        Info: 1: + IC(0.000 ns) + CELL(2.300 ns) = 2.300 ns; Loc. = PIN_43; Fanout = 3; CLK Node = 'CLK'
        Info: 2: + IC(0.000 ns) + CELL(1.300 ns) = 3.600 ns; Loc. = LC4; Fanout = 1; REG Node = 'inst4'
        Info: Total cell delay = 3.600 ns ( 100.00 % )
Info: tco from clock "CLK" to destination pin "Q2" through register "inst4" is 7.000 ns
    Info: + Longest clock path from clock "CLK" to source register is 3.600 ns
        Info: 1: + IC(0.000 ns) + CELL(2.300 ns) = 2.300 ns; Loc. = PIN_43; Fanout = 3; CLK Node = 'CLK'
        Info: 2: + IC(0.000 ns) + CELL(1.300 ns) = 3.600 ns; Loc. = LC4; Fanout = 1; REG Node = 'inst4'
        Info: Total cell delay = 3.600 ns ( 100.00 % )
    Info: + Micro clock to output delay of source is 1.600 ns
    Info: + Longest register to pin delay is 1.800 ns
        Info: 1: + IC(0.000 ns) + CELL(0.000 ns) = 0.000 ns; Loc. = LC4; Fanout = 1; REG Node = 'inst4'
        Info: 2: + IC(0.000 ns) + CELL(1.800 ns) = 1.800 ns; Loc. = PIN_9; Fanout = 0; PIN Node = 'Q2'
        Info: Total cell delay = 1.800 ns ( 100.00 % )
Info: th for register "inst4" (data pin = "D2", clock pin = "CLK") is -2.000 ns
    Info: + Longest clock path from clock "CLK" to destination register is 3.600 ns
        Info: 1: + IC(0.000 ns) + CELL(2.300 ns) = 2.300 ns; Loc. = PIN_43; Fanout = 3; CLK Node = 'CLK'
        Info: 2: + IC(0.000 ns) + CELL(1.300 ns) = 3.600 ns; Loc. = LC4; Fanout = 1; REG Node = 'inst4'
        Info: Total cell delay = 3.600 ns ( 100.00 % )
    Info: + Micro hold delay of destination is 1.300 ns
    Info: - Shortest pin to register delay is 6.900 ns
        Info: 1: + IC(0.000 ns) + CELL(1.400 ns) = 1.400 ns; Loc. = PIN_40; Fanout = 1; PIN Node = 'D2'
        Info: 2: + IC(2.300 ns) + CELL(3.200 ns) = 6.900 ns; Loc. = LC4; Fanout = 1; REG Node = 'inst4'
        Info: Total cell delay = 4.600 ns ( 66.67 % )
        Info: Total interconnect delay = 2.300 ns ( 33.33 % )
Info: Quartus II Classic Timing Analyzer was successful. 0 errors, 2 warnings
    Info: Peak virtual memory: 162 megabytes
    Info: Processing ended: Mon Mar 23 22:25:10 2015
    Info: Elapsed time: 00:00:00
    Info: Total CPU time (on all processors): 00:00:00


