Flow report for Part1
Fri Apr 08 03:41:59 2016
Quartus II Version 9.1 Build 350 03/24/2010 Service Pack 2 SJ Web Edition


---------------------
; Table of Contents ;
---------------------
  1. Legal Notice
  2. Flow Summary
  3. Flow Settings
  4. Flow Non-Default Global Settings
  5. Flow Elapsed Time
  6. Flow OS Summary
  7. Flow Log



----------------
; Legal Notice ;
----------------
Copyright (C) 1991-2010 Altera Corporation
Your use of Altera Corporation's design tools, logic functions 
and other software and tools, and its AMPP partner logic 
functions, and any output files from any of the foregoing 
(including device programming or simulation files), and any 
associated documentation or information are expressly subject 
to the terms and conditions of the Altera Program License 
Subscription Agreement, Altera MegaCore Function License 
Agreement, or other applicable license agreement, including, 
without limitation, that your use is for the sole purpose of 
programming logic devices manufactured by Altera and sold by 
Altera or its authorized distributors.  Please refer to the 
applicable agreement for further details.



+------------------------------------------------------------------------+
; Flow Summary                                                           ;
+-------------------------+----------------------------------------------+
; Flow Status             ; Flow Failed - Fri Apr 08 03:41:59 2016       ;
; Quartus II Version      ; 9.1 Build 350 03/24/2010 SP 2 SJ Web Edition ;
; Revision Name           ; Part1                                        ;
; Top-level Entity Name   ; Part2                                        ;
; Family                  ; MAX3000A                                     ;
; Device                  ; EPM3064ALC44-10                              ;
; Timing Models           ; Final                                        ;
; Met timing requirements ; N/A                                          ;
; Total macrocells        ; 61 / 64 ( 95 % )                             ;
; Total pins              ; 31 / 34 ( 91 % )                             ;
+-------------------------+----------------------------------------------+


+-----------------------------------------+
; Flow Settings                           ;
+-------------------+---------------------+
; Option            ; Setting             ;
+-------------------+---------------------+
; Start date & time ; 04/08/2016 03:41:54 ;
; Main task         ; Compilation         ;
; Revision Name     ; Part1               ;
+-------------------+---------------------+


+----------------------------------------------------------------------------------------------------------------------------------------------------------------------+
; Flow Non-Default Global Settings                                                                                                                                     ;
+------------------------------------+----------------------------------------------------------------------------------+---------------+-------------+----------------+
; Assignment Name                    ; Value                                                                            ; Default Value ; Entity Name ; Section Id     ;
+------------------------------------+----------------------------------------------------------------------------------+---------------+-------------+----------------+
; AUTO_LCELL_INSERTION               ; Off                                                                              ; On            ; --          ; --             ;
; COMPILER_SIGNATURE_ID              ; 149890843483321.146010131405388                                                  ; --            ; --          ; --             ;
; FITTER_EFFORT                      ; Standard Fit                                                                     ; Auto Fit      ; --          ; --             ;
; MISC_FILE                          ; C:/Users/Mitch/Classes/Spring 2016/EEL 3701_Digital Logic/Lab 6/Part 1/Part1.dpf ; --            ; --          ; --             ;
; OPTIMIZE_HOLD_TIMING               ; Off                                                                              ; --            ; --          ; --             ;
; PARTITION_COLOR                    ; 16764057                                                                         ; --            ; Part2       ; Top            ;
; PARTITION_NETLIST_TYPE             ; SOURCE                                                                           ; --            ; Part2       ; Top            ;
; SYNTH_TIMING_DRIVEN_SYNTHESIS      ; Off                                                                              ; --            ; --          ; --             ;
; TOP_LEVEL_ENTITY                   ; Part2                                                                            ; Part1         ; --          ; --             ;
; USE_GENERATED_PHYSICAL_CONSTRAINTS ; Off                                                                              ; --            ; --          ; eda_blast_fpga ;
+------------------------------------+----------------------------------------------------------------------------------+---------------+-------------+----------------+


+--------------------------------------------------------------------------------------------------------------------------+
; Flow Elapsed Time                                                                                                        ;
+----------------------+--------------+-------------------------+---------------------+------------------------------------+
; Module Name          ; Elapsed Time ; Average Processors Used ; Peak Virtual Memory ; Total CPU Time (on all processors) ;
+----------------------+--------------+-------------------------+---------------------+------------------------------------+
; Analysis & Synthesis ; 00:00:03     ; 1.0                     ; 242 MB              ; 00:00:03                           ;
; Fitter               ; 00:00:01     ; 1.0                     ; 179 MB              ; 00:00:01                           ;
; Total                ; 00:00:04     ; --                      ; --                  ; 00:00:04                           ;
+----------------------+--------------+-------------------------+---------------------+------------------------------------+


+---------------------------------------------------------------------------------------+
; Flow OS Summary                                                                       ;
+----------------------+------------------+---------------+------------+----------------+
; Module Name          ; Machine Hostname ; OS Name       ; OS Version ; Processor type ;
+----------------------+------------------+---------------+------------+----------------+
; Analysis & Synthesis ; Mitch-PC         ; Windows Vista ; 6.1        ; x86_64         ;
; Fitter               ; Mitch-PC         ; Windows Vista ; 6.1        ; x86_64         ;
+----------------------+------------------+---------------+------------+----------------+


------------
; Flow Log ;
------------
quartus_map --read_settings_files=on --write_settings_files=off Part1 -c Part1
quartus_fit --read_settings_files=off --write_settings_files=off Part1 -c Part1



