Analysis & Synthesis report for Part1
Fri Apr 08 03:41:57 2016
Quartus II Version 9.1 Build 350 03/24/2010 Service Pack 2 SJ Web Edition


---------------------
; Table of Contents ;
---------------------
  1. Legal Notice
  2. Analysis & Synthesis Summary
  3. Analysis & Synthesis Settings
  4. Parallel Compilation
  5. Analysis & Synthesis Source Files Read
  6. Analysis & Synthesis Resource Usage Summary
  7. Analysis & Synthesis Resource Utilization by Entity
  8. Parameter Settings for User Entity Instance: 74151:inst59
  9. Parameter Settings for User Entity Instance: 74151:inst60
 10. Parameter Settings for User Entity Instance: 74151:inst61
 11. Parameter Settings for User Entity Instance: 74151:inst62
 12. Parameter Settings for User Entity Instance: 74283:inst58
 13. Analysis & Synthesis Messages



----------------
; Legal Notice ;
----------------
Copyright (C) 1991-2010 Altera Corporation
Your use of Altera Corporation's design tools, logic functions 
and other software and tools, and its AMPP partner logic 
functions, and any output files from any of the foregoing 
(including device programming or simulation files), and any 
associated documentation or information are expressly subject 
to the terms and conditions of the Altera Program License 
Subscription Agreement, Altera MegaCore Function License 
Agreement, or other applicable license agreement, including, 
without limitation, that your use is for the sole purpose of 
programming logic devices manufactured by Altera and sold by 
Altera or its authorized distributors.  Please refer to the 
applicable agreement for further details.



+----------------------------------------------------------------------------+
; Analysis & Synthesis Summary                                               ;
+-----------------------------+----------------------------------------------+
; Analysis & Synthesis Status ; Successful - Fri Apr 08 03:41:57 2016        ;
; Quartus II Version          ; 9.1 Build 350 03/24/2010 SP 2 SJ Web Edition ;
; Revision Name               ; Part1                                        ;
; Top-level Entity Name       ; Part2                                        ;
; Family                      ; MAX3000A                                     ;
; Total macrocells            ; 60                                           ;
; Total pins                  ; 27                                           ;
+-----------------------------+----------------------------------------------+


+--------------------------------------------------------------------------------------------------------------+
; Analysis & Synthesis Settings                                                                                ;
+----------------------------------------------------------------------------+-----------------+---------------+
; Option                                                                     ; Setting         ; Default Value ;
+----------------------------------------------------------------------------+-----------------+---------------+
; Device                                                                     ; EPM3064ALC44-10 ;               ;
; Top-level entity name                                                      ; Part2           ; Part1         ;
; Family name                                                                ; MAX3000A        ; Stratix II    ;
; Auto Logic Cell Insertion                                                  ; Off             ; On            ;
; Use Generated Physical Constraints File                                    ; Off             ;               ;
; Use smart compilation                                                      ; Off             ; Off           ;
; Enable parallel Assembler and TimeQuest Timing Analyzer during compilation ; On              ; On            ;
; Enable compact report table                                                ; Off             ; Off           ;
; Create Debugging Nodes for IP Cores                                        ; Off             ; Off           ;
; Preserve fewer node names                                                  ; On              ; On            ;
; Disable OpenCore Plus hardware evaluation                                  ; Off             ; Off           ;
; Verilog Version                                                            ; Verilog_2001    ; Verilog_2001  ;
; VHDL Version                                                               ; VHDL_1993       ; VHDL_1993     ;
; State Machine Processing                                                   ; Auto            ; Auto          ;
; Safe State Machine                                                         ; Off             ; Off           ;
; Extract Verilog State Machines                                             ; On              ; On            ;
; Extract VHDL State Machines                                                ; On              ; On            ;
; Ignore Verilog initial constructs                                          ; Off             ; Off           ;
; Iteration limit for constant Verilog loops                                 ; 5000            ; 5000          ;
; Iteration limit for non-constant Verilog loops                             ; 250             ; 250           ;
; Add Pass-Through Logic to Inferred RAMs                                    ; On              ; On            ;
; Parallel Synthesis                                                         ; On              ; On            ;
; NOT Gate Push-Back                                                         ; On              ; On            ;
; Power-Up Don't Care                                                        ; On              ; On            ;
; Remove Duplicate Registers                                                 ; On              ; On            ;
; Ignore CARRY Buffers                                                       ; Off             ; Off           ;
; Ignore CASCADE Buffers                                                     ; Off             ; Off           ;
; Ignore GLOBAL Buffers                                                      ; Off             ; Off           ;
; Ignore ROW GLOBAL Buffers                                                  ; Off             ; Off           ;
; Ignore LCELL Buffers                                                       ; Auto            ; Auto          ;
; Ignore SOFT Buffers                                                        ; Off             ; Off           ;
; Limit AHDL Integers to 32 Bits                                             ; Off             ; Off           ;
; Optimization Technique                                                     ; Speed           ; Speed         ;
; Allow XOR Gate Usage                                                       ; On              ; On            ;
; Parallel Expander Chain Length                                             ; 4               ; 4             ;
; Auto Parallel Expanders                                                    ; On              ; On            ;
; Auto Open-Drain Pins                                                       ; On              ; On            ;
; Auto Resource Sharing                                                      ; Off             ; Off           ;
; Maximum Fan-in Per Macrocell                                               ; 100             ; 100           ;
; Use LogicLock Constraints during Resource Balancing                        ; On              ; On            ;
; Ignore translate_off and synthesis_off directives                          ; Off             ; Off           ;
; Show Parameter Settings Tables in Synthesis Report                         ; On              ; On            ;
; HDL message level                                                          ; Level2          ; Level2        ;
; Suppress Register Optimization Related Messages                            ; Off             ; Off           ;
; Number of Removed Registers Reported in Synthesis Report                   ; 5000            ; 5000          ;
; Number of Inverted Registers Reported in Synthesis Report                  ; 100             ; 100           ;
; Block Design Naming                                                        ; Auto            ; Auto          ;
; Synthesis Effort                                                           ; Auto            ; Auto          ;
; Shift Register Replacement - Allow Asynchronous Clear Signal               ; On              ; On            ;
; Analysis & Synthesis Message Level                                         ; Medium          ; Medium        ;
; Disable Register Merging Across Hierarchies                                ; Auto            ; Auto          ;
+----------------------------------------------------------------------------+-----------------+---------------+


Parallel compilation was disabled, but you have multiple processors available. Enable parallel compilation to reduce compilation time.
+-------------------------------------+
; Parallel Compilation                ;
+----------------------------+--------+
; Processors                 ; Number ;
+----------------------------+--------+
; Number detected on machine ; 4      ;
; Maximum allowed            ; 1      ;
+----------------------------+--------+


+----------------------------------------------------------------------------------------------------------------------------------------------------------------------------+
; Analysis & Synthesis Source Files Read                                                                                                                                     ;
+----------------------------------+-----------------+------------------------------------+----------------------------------------------------------------------------------+
; File Name with User-Entered Path ; Used in Netlist ; File Type                          ; File Name with Absolute Path                                                     ;
+----------------------------------+-----------------+------------------------------------+----------------------------------------------------------------------------------+
; MUX41.vhd                        ; yes             ; User VHDL File                     ; C:/Users/Mitch/Classes/Spring 2016/EEL 3701_Digital Logic/Lab 6/Part 1/MUX41.vhd ;
; Part2.bdf                        ; yes             ; User Block Diagram/Schematic File  ; C:/Users/Mitch/Classes/Spring 2016/EEL 3701_Digital Logic/Lab 6/Part 1/Part2.bdf ;
; 74151.tdf                        ; yes             ; Megafunction                       ; c:/altera/91sp2/quartus/libraries/others/maxplus2/74151.tdf                      ;
; p74151.bdf                       ; yes             ; Megafunction                       ; c:/altera/91sp2/quartus/libraries/others/maxplus2/p74151.bdf                     ;
; 74283.tdf                        ; yes             ; Megafunction                       ; c:/altera/91sp2/quartus/libraries/others/maxplus2/74283.tdf                      ;
; p74283.bdf                       ; yes             ; Megafunction                       ; c:/altera/91sp2/quartus/libraries/others/maxplus2/p74283.bdf                     ;
+----------------------------------+-----------------+------------------------------------+----------------------------------------------------------------------------------+


+---------------------------------------------+
; Analysis & Synthesis Resource Usage Summary ;
+----------------------+----------------------+
; Resource             ; Usage                ;
+----------------------+----------------------+
; Logic cells          ; 60                   ;
; Total registers      ; 8                    ;
; I/O pins             ; 27                   ;
; Shareable expanders  ; 15                   ;
; Parallel expanders   ; 23                   ;
; Maximum fan-out node ; MSC1                 ;
; Maximum fan-out      ; 51                   ;
; Total fan-out        ; 586                  ;
; Average fan-out      ; 5.75                 ;
+----------------------+----------------------+


+------------------------------------------------------------------------------------------------+
; Analysis & Synthesis Resource Utilization by Entity                                            ;
+----------------------------+------------+------+--------------------------------+--------------+
; Compilation Hierarchy Node ; Macrocells ; Pins ; Full Hierarchy Name            ; Library Name ;
+----------------------------+------------+------+--------------------------------+--------------+
; |Part2                     ; 60         ; 27   ; |Part2                         ; work         ;
;    |74151:inst59|          ; 2          ; 0    ; |Part2|74151:inst59            ; work         ;
;       |p74151:sub|         ; 2          ; 0    ; |Part2|74151:inst59|p74151:sub ; work         ;
;    |74151:inst60|          ; 11         ; 0    ; |Part2|74151:inst60            ; work         ;
;       |p74151:sub|         ; 11         ; 0    ; |Part2|74151:inst60|p74151:sub ; work         ;
;    |74151:inst61|          ; 3          ; 0    ; |Part2|74151:inst61            ; work         ;
;       |p74151:sub|         ; 3          ; 0    ; |Part2|74151:inst61|p74151:sub ; work         ;
;    |74151:inst62|          ; 4          ; 0    ; |Part2|74151:inst62            ; work         ;
;       |p74151:sub|         ; 4          ; 0    ; |Part2|74151:inst62|p74151:sub ; work         ;
;    |74283:inst58|          ; 7          ; 0    ; |Part2|74283:inst58            ; work         ;
;       |p74283:sub|         ; 7          ; 0    ; |Part2|74283:inst58|p74283:sub ; work         ;
;    |MUX_41a:inst26|        ; 2          ; 0    ; |Part2|MUX_41a:inst26          ; work         ;
;    |MUX_41a:inst27|        ; 7          ; 0    ; |Part2|MUX_41a:inst27          ; work         ;
;    |MUX_41a:inst28|        ; 4          ; 0    ; |Part2|MUX_41a:inst28          ; work         ;
;    |MUX_41a:inst34|        ; 2          ; 0    ; |Part2|MUX_41a:inst34          ; work         ;
;    |MUX_41a:inst35|        ; 2          ; 0    ; |Part2|MUX_41a:inst35          ; work         ;
;    |MUX_41a:inst36|        ; 5          ; 0    ; |Part2|MUX_41a:inst36          ; work         ;
;    |MUX_41a:inst37|        ; 3          ; 0    ; |Part2|MUX_41a:inst37          ; work         ;
+----------------------------+------------+------+--------------------------------+--------------+


+-----------------------------------------------------------+
; Parameter Settings for User Entity Instance: 74151:inst59 ;
+------------------------+----------+-----------------------+
; Parameter Name         ; Value    ; Type                  ;
+------------------------+----------+-----------------------+
; DEVICE_FAMILY          ; MAX3000A ; Untyped               ;
; AUTO_CARRY_CHAINS      ; ON       ; AUTO_CARRY            ;
; IGNORE_CARRY_BUFFERS   ; OFF      ; IGNORE_CARRY          ;
; AUTO_CASCADE_CHAINS    ; ON       ; AUTO_CASCADE          ;
; IGNORE_CASCADE_BUFFERS ; OFF      ; IGNORE_CASCADE        ;
+------------------------+----------+-----------------------+
Note: In order to hide this table in the UI and the text report file, please set the "Show Parameter Settings Tables in Synthesis Report" option in "Analysis and Synthesis Settings -> More Settings" to "Off".


+-----------------------------------------------------------+
; Parameter Settings for User Entity Instance: 74151:inst60 ;
+------------------------+----------+-----------------------+
; Parameter Name         ; Value    ; Type                  ;
+------------------------+----------+-----------------------+
; DEVICE_FAMILY          ; MAX3000A ; Untyped               ;
; AUTO_CARRY_CHAINS      ; ON       ; AUTO_CARRY            ;
; IGNORE_CARRY_BUFFERS   ; OFF      ; IGNORE_CARRY          ;
; AUTO_CASCADE_CHAINS    ; ON       ; AUTO_CASCADE          ;
; IGNORE_CASCADE_BUFFERS ; OFF      ; IGNORE_CASCADE        ;
+------------------------+----------+-----------------------+
Note: In order to hide this table in the UI and the text report file, please set the "Show Parameter Settings Tables in Synthesis Report" option in "Analysis and Synthesis Settings -> More Settings" to "Off".


+-----------------------------------------------------------+
; Parameter Settings for User Entity Instance: 74151:inst61 ;
+------------------------+----------+-----------------------+
; Parameter Name         ; Value    ; Type                  ;
+------------------------+----------+-----------------------+
; DEVICE_FAMILY          ; MAX3000A ; Untyped               ;
; AUTO_CARRY_CHAINS      ; ON       ; AUTO_CARRY            ;
; IGNORE_CARRY_BUFFERS   ; OFF      ; IGNORE_CARRY          ;
; AUTO_CASCADE_CHAINS    ; ON       ; AUTO_CASCADE          ;
; IGNORE_CASCADE_BUFFERS ; OFF      ; IGNORE_CASCADE        ;
+------------------------+----------+-----------------------+
Note: In order to hide this table in the UI and the text report file, please set the "Show Parameter Settings Tables in Synthesis Report" option in "Analysis and Synthesis Settings -> More Settings" to "Off".


+-----------------------------------------------------------+
; Parameter Settings for User Entity Instance: 74151:inst62 ;
+------------------------+----------+-----------------------+
; Parameter Name         ; Value    ; Type                  ;
+------------------------+----------+-----------------------+
; DEVICE_FAMILY          ; MAX3000A ; Untyped               ;
; AUTO_CARRY_CHAINS      ; ON       ; AUTO_CARRY            ;
; IGNORE_CARRY_BUFFERS   ; OFF      ; IGNORE_CARRY          ;
; AUTO_CASCADE_CHAINS    ; ON       ; AUTO_CASCADE          ;
; IGNORE_CASCADE_BUFFERS ; OFF      ; IGNORE_CASCADE        ;
+------------------------+----------+-----------------------+
Note: In order to hide this table in the UI and the text report file, please set the "Show Parameter Settings Tables in Synthesis Report" option in "Analysis and Synthesis Settings -> More Settings" to "Off".


+-----------------------------------------------------------+
; Parameter Settings for User Entity Instance: 74283:inst58 ;
+------------------------+----------+-----------------------+
; Parameter Name         ; Value    ; Type                  ;
+------------------------+----------+-----------------------+
; DEVICE_FAMILY          ; MAX3000A ; Untyped               ;
; AUTO_CARRY_CHAINS      ; ON       ; AUTO_CARRY            ;
; IGNORE_CARRY_BUFFERS   ; OFF      ; IGNORE_CARRY          ;
; AUTO_CASCADE_CHAINS    ; ON       ; AUTO_CASCADE          ;
; IGNORE_CASCADE_BUFFERS ; OFF      ; IGNORE_CASCADE        ;
+------------------------+----------+-----------------------+
Note: In order to hide this table in the UI and the text report file, please set the "Show Parameter Settings Tables in Synthesis Report" option in "Analysis and Synthesis Settings -> More Settings" to "Off".


+-------------------------------+
; Analysis & Synthesis Messages ;
+-------------------------------+
Info: *******************************************************************
Info: Running Quartus II Analysis & Synthesis
    Info: Version 9.1 Build 350 03/24/2010 Service Pack 2 SJ Web Edition
    Info: Processing started: Fri Apr 08 03:41:54 2016
Info: Command: quartus_map --read_settings_files=on --write_settings_files=off Part1 -c Part1
Info: Found 2 design units, including 1 entities, in source file mux41.vhd
    Info: Found design unit 1: MUX_41a-logic
    Info: Found entity 1: MUX_41a
Warning: Entity "MUX41" obtained from "C:/Users/Mitch/Classes/Spring 2016/EEL 3701_Digital Logic/Lab 6/Part 1/MUX41.bdf" instead of from Quartus II megafunction library
Info: Found 1 design units, including 1 entities, in source file mux41.bdf
    Info: Found entity 1: MUX41
Info: Found 1 design units, including 1 entities, in source file part2.bdf
    Info: Found entity 1: Part2
Info: Elaborating entity "Part2" for the top level hierarchy
Warning: Primitive "NOT" of instance "inst54" not used
Warning: Primitive "NOT" of instance "inst55" not used
Warning: Primitive "NOT" of instance "inst56" not used
Warning: Primitive "NOT" of instance "inst57" not used
Info: Elaborating entity "MUX_41a" for hierarchy "MUX_41a:inst26"
Info: Elaborating entity "74151" for hierarchy "74151:inst59"
Info: Elaborated megafunction instantiation "74151:inst59"
Info: Elaborating entity "p74151" for hierarchy "74151:inst59|p74151:sub"
Info: Elaborated megafunction instantiation "74151:inst59|p74151:sub", which is child of megafunction instantiation "74151:inst59"
Info: Elaborating entity "74151" for hierarchy "74151:inst60"
Info: Elaborated megafunction instantiation "74151:inst60"
Info: Elaborating entity "74151" for hierarchy "74151:inst62"
Info: Elaborated megafunction instantiation "74151:inst62"
Info: Elaborating entity "74283" for hierarchy "74283:inst58"
Info: Elaborated megafunction instantiation "74283:inst58"
Info: Elaborating entity "p74283" for hierarchy "74283:inst58|p74283:sub"
Info: Elaborated megafunction instantiation "74283:inst58|p74283:sub", which is child of megafunction instantiation "74283:inst58"
Info: Promoted pin-driven signal(s) to global signal
    Info: Promoted clear signal driven by pin "CLR" to global clear signal
Info: Implemented 102 device resources after synthesis - the final resource count might be different
    Info: Implemented 14 input pins
    Info: Implemented 13 output pins
    Info: Implemented 60 macrocells
    Info: Implemented 15 shareable expanders
Info: Quartus II Analysis & Synthesis was successful. 0 errors, 5 warnings
    Info: Peak virtual memory: 242 megabytes
    Info: Processing ended: Fri Apr 08 03:41:57 2016
    Info: Elapsed time: 00:00:03
    Info: Total CPU time (on all processors): 00:00:03


