Classic Timing Analyzer report for Part2
Fri Mar 11 07:45:58 2016
Quartus II Version 9.1 Build 350 03/24/2010 Service Pack 2 SJ Web Edition


---------------------
; Table of Contents ;
---------------------
  1. Legal Notice
  2. Timing Analyzer Summary
  3. Timing Analyzer Settings
  4. Clock Settings Summary
  5. Parallel Compilation
  6. Clock Setup: 'CLK'
  7. tsu
  8. tco
  9. tpd
 10. th
 11. Timing Analyzer Messages



----------------
; Legal Notice ;
----------------
Copyright (C) 1991-2010 Altera Corporation
Your use of Altera Corporation's design tools, logic functions 
and other software and tools, and its AMPP partner logic 
functions, and any output files from any of the foregoing 
(including device programming or simulation files), and any 
associated documentation or information are expressly subject 
to the terms and conditions of the Altera Program License 
Subscription Agreement, Altera MegaCore Function License 
Agreement, or other applicable license agreement, including, 
without limitation, that your use is for the sole purpose of 
programming logic devices manufactured by Altera and sold by 
Altera or its authorized distributors.  Please refer to the 
applicable agreement for further details.



+--------------------------------------------------------------------------------------------------------------------------------------------------+
; Timing Analyzer Summary                                                                                                                          ;
+------------------------------+-------+---------------+----------------------------------+--------+--------+------------+----------+--------------+
; Type                         ; Slack ; Required Time ; Actual Time                      ; From   ; To     ; From Clock ; To Clock ; Failed Paths ;
+------------------------------+-------+---------------+----------------------------------+--------+--------+------------+----------+--------------+
; Worst-case tsu               ; N/A   ; None          ; 13.300 ns                        ; MSC0   ; inst31 ; --         ; CLK      ; 0            ;
; Worst-case tco               ; N/A   ; None          ; 25.400 ns                        ; inst30 ; O3     ; CLK        ; --       ; 0            ;
; Worst-case tpd               ; N/A   ; None          ; 18.900 ns                        ; MSC1   ; O3     ; --         ; --       ; 0            ;
; Worst-case th                ; N/A   ; None          ; 0.700 ns                         ; I3     ; inst38 ; --         ; CLK      ; 0            ;
; Clock Setup: 'CLK'           ; N/A   ; None          ; 45.66 MHz ( period = 21.900 ns ) ; inst30 ; inst38 ; CLK        ; CLK      ; 0            ;
; Total number of failed paths ;       ;               ;                                  ;        ;        ;            ;          ; 0            ;
+------------------------------+-------+---------------+----------------------------------+--------+--------+------------+----------+--------------+


+-----------------------------------------------------------------------------------------------------------------------------------------------------+
; Timing Analyzer Settings                                                                                                                            ;
+------------------------------------------------------------------------------------------------------+--------------------+------+----+-------------+
; Option                                                                                               ; Setting            ; From ; To ; Entity Name ;
+------------------------------------------------------------------------------------------------------+--------------------+------+----+-------------+
; Device Name                                                                                          ; EPM3064ALC44-10    ;      ;    ;             ;
; Timing Models                                                                                        ; Final              ;      ;    ;             ;
; Default hold multicycle                                                                              ; Same as Multicycle ;      ;    ;             ;
; Cut paths between unrelated clock domains                                                            ; On                 ;      ;    ;             ;
; Cut off read during write signal paths                                                               ; On                 ;      ;    ;             ;
; Cut off feedback from I/O pins                                                                       ; On                 ;      ;    ;             ;
; Report Combined Fast/Slow Timing                                                                     ; Off                ;      ;    ;             ;
; Ignore Clock Settings                                                                                ; Off                ;      ;    ;             ;
; Analyze latches as synchronous elements                                                              ; On                 ;      ;    ;             ;
; Enable Recovery/Removal analysis                                                                     ; Off                ;      ;    ;             ;
; Enable Clock Latency                                                                                 ; Off                ;      ;    ;             ;
; Use TimeQuest Timing Analyzer                                                                        ; Off                ;      ;    ;             ;
; Minimum Core Junction Temperature                                                                    ; 0                  ;      ;    ;             ;
; Maximum Core Junction Temperature                                                                    ; 85                 ;      ;    ;             ;
; Number of source nodes to report per destination node                                                ; 10                 ;      ;    ;             ;
; Number of destination nodes to report                                                                ; 10                 ;      ;    ;             ;
; Number of paths to report                                                                            ; 200                ;      ;    ;             ;
; Report Minimum Timing Checks                                                                         ; Off                ;      ;    ;             ;
; Use Fast Timing Models                                                                               ; Off                ;      ;    ;             ;
; Report IO Paths Separately                                                                           ; Off                ;      ;    ;             ;
; Perform Multicorner Analysis                                                                         ; Off                ;      ;    ;             ;
; Reports the worst-case path for each clock domain and analysis                                       ; Off                ;      ;    ;             ;
; Reports worst-case timing paths for each clock domain and analysis                                   ; On                 ;      ;    ;             ;
; Specifies the maximum number of worst-case timing paths to report for each clock domain and analysis ; 100                ;      ;    ;             ;
; Removes common clock path pessimism (CCPP) during slack computation                                  ; Off                ;      ;    ;             ;
; Output I/O Timing Endpoint                                                                           ; Near End           ;      ;    ;             ;
+------------------------------------------------------------------------------------------------------+--------------------+------+----+-------------+


+------------------------------------------------------------------------------------------------------------------------------------------------------------------------------------+
; Clock Settings Summary                                                                                                                                                             ;
+-----------------+--------------------+----------+------------------+---------------+--------------+----------+-----------------------+---------------------+--------+--------------+
; Clock Node Name ; Clock Setting Name ; Type     ; Fmax Requirement ; Early Latency ; Late Latency ; Based on ; Multiply Base Fmax by ; Divide Base Fmax by ; Offset ; Phase offset ;
+-----------------+--------------------+----------+------------------+---------------+--------------+----------+-----------------------+---------------------+--------+--------------+
; CLK             ;                    ; User Pin ; None             ; 0.000 ns      ; 0.000 ns     ; --       ; N/A                   ; N/A                 ; N/A    ;              ;
+-----------------+--------------------+----------+------------------+---------------+--------------+----------+-----------------------+---------------------+--------+--------------+


Parallel compilation was disabled, but you have multiple processors available. Enable parallel compilation to reduce compilation time.
+-------------------------------------+
; Parallel Compilation                ;
+----------------------------+--------+
; Processors                 ; Number ;
+----------------------------+--------+
; Number detected on machine ; 4      ;
; Maximum allowed            ; 1      ;
+----------------------------+--------+


+------------------------------------------------------------------------------------------------------------------------------------------------------------------------+
; Clock Setup: 'CLK'                                                                                                                                                     ;
+-------+----------------------------------+--------+--------+------------+----------+-----------------------------+---------------------------+-------------------------+
; Slack ; Actual fmax (period)             ; From   ; To     ; From Clock ; To Clock ; Required Setup Relationship ; Required Longest P2P Time ; Actual Longest P2P Time ;
+-------+----------------------------------+--------+--------+------------+----------+-----------------------------+---------------------------+-------------------------+
; N/A   ; 45.66 MHz ( period = 21.900 ns ) ; inst40 ; inst31 ; CLK        ; CLK      ; None                        ; None                      ; 17.400 ns               ;
; N/A   ; 45.66 MHz ( period = 21.900 ns ) ; inst41 ; inst31 ; CLK        ; CLK      ; None                        ; None                      ; 17.400 ns               ;
; N/A   ; 45.66 MHz ( period = 21.900 ns ) ; inst33 ; inst31 ; CLK        ; CLK      ; None                        ; None                      ; 17.400 ns               ;
; N/A   ; 45.66 MHz ( period = 21.900 ns ) ; inst30 ; inst38 ; CLK        ; CLK      ; None                        ; None                      ; 17.400 ns               ;
; N/A   ; 45.87 MHz ( period = 21.800 ns ) ; inst38 ; inst38 ; CLK        ; CLK      ; None                        ; None                      ; 17.300 ns               ;
; N/A   ; 47.62 MHz ( period = 21.000 ns ) ; inst32 ; inst31 ; CLK        ; CLK      ; None                        ; None                      ; 16.500 ns               ;
; N/A   ; 47.62 MHz ( period = 21.000 ns ) ; inst32 ; inst30 ; CLK        ; CLK      ; None                        ; None                      ; 16.500 ns               ;
; N/A   ; 47.62 MHz ( period = 21.000 ns ) ; inst40 ; inst30 ; CLK        ; CLK      ; None                        ; None                      ; 16.500 ns               ;
; N/A   ; 47.62 MHz ( period = 21.000 ns ) ; inst41 ; inst30 ; CLK        ; CLK      ; None                        ; None                      ; 16.500 ns               ;
; N/A   ; 47.62 MHz ( period = 21.000 ns ) ; inst33 ; inst30 ; CLK        ; CLK      ; None                        ; None                      ; 16.500 ns               ;
; N/A   ; 50.51 MHz ( period = 19.800 ns ) ; inst31 ; inst31 ; CLK        ; CLK      ; None                        ; None                      ; 15.300 ns               ;
; N/A   ; 50.51 MHz ( period = 19.800 ns ) ; inst39 ; inst31 ; CLK        ; CLK      ; None                        ; None                      ; 15.300 ns               ;
; N/A   ; 50.51 MHz ( period = 19.800 ns ) ; inst30 ; inst31 ; CLK        ; CLK      ; None                        ; None                      ; 15.300 ns               ;
; N/A   ; 52.91 MHz ( period = 18.900 ns ) ; inst32 ; inst38 ; CLK        ; CLK      ; None                        ; None                      ; 14.400 ns               ;
; N/A   ; 52.91 MHz ( period = 18.900 ns ) ; inst40 ; inst38 ; CLK        ; CLK      ; None                        ; None                      ; 14.400 ns               ;
; N/A   ; 52.91 MHz ( period = 18.900 ns ) ; inst31 ; inst38 ; CLK        ; CLK      ; None                        ; None                      ; 14.400 ns               ;
; N/A   ; 52.91 MHz ( period = 18.900 ns ) ; inst39 ; inst38 ; CLK        ; CLK      ; None                        ; None                      ; 14.400 ns               ;
; N/A   ; 55.56 MHz ( period = 18.000 ns ) ; inst41 ; inst41 ; CLK        ; CLK      ; None                        ; None                      ; 13.500 ns               ;
; N/A   ; 55.56 MHz ( period = 18.000 ns ) ; inst33 ; inst41 ; CLK        ; CLK      ; None                        ; None                      ; 13.500 ns               ;
; N/A   ; 55.56 MHz ( period = 18.000 ns ) ; inst41 ; inst38 ; CLK        ; CLK      ; None                        ; None                      ; 13.500 ns               ;
; N/A   ; 55.56 MHz ( period = 18.000 ns ) ; inst33 ; inst38 ; CLK        ; CLK      ; None                        ; None                      ; 13.500 ns               ;
; N/A   ; 58.48 MHz ( period = 17.100 ns ) ; inst32 ; inst32 ; CLK        ; CLK      ; None                        ; None                      ; 12.600 ns               ;
; N/A   ; 58.48 MHz ( period = 17.100 ns ) ; inst40 ; inst32 ; CLK        ; CLK      ; None                        ; None                      ; 12.600 ns               ;
; N/A   ; 58.48 MHz ( period = 17.100 ns ) ; inst41 ; inst32 ; CLK        ; CLK      ; None                        ; None                      ; 12.600 ns               ;
; N/A   ; 58.48 MHz ( period = 17.100 ns ) ; inst33 ; inst32 ; CLK        ; CLK      ; None                        ; None                      ; 12.600 ns               ;
; N/A   ; 58.48 MHz ( period = 17.100 ns ) ; inst31 ; inst32 ; CLK        ; CLK      ; None                        ; None                      ; 12.600 ns               ;
; N/A   ; 58.48 MHz ( period = 17.100 ns ) ; inst32 ; inst40 ; CLK        ; CLK      ; None                        ; None                      ; 12.600 ns               ;
; N/A   ; 58.48 MHz ( period = 17.100 ns ) ; inst40 ; inst40 ; CLK        ; CLK      ; None                        ; None                      ; 12.600 ns               ;
; N/A   ; 58.48 MHz ( period = 17.100 ns ) ; inst41 ; inst40 ; CLK        ; CLK      ; None                        ; None                      ; 12.600 ns               ;
; N/A   ; 58.48 MHz ( period = 17.100 ns ) ; inst33 ; inst40 ; CLK        ; CLK      ; None                        ; None                      ; 12.600 ns               ;
; N/A   ; 58.48 MHz ( period = 17.100 ns ) ; inst31 ; inst40 ; CLK        ; CLK      ; None                        ; None                      ; 12.600 ns               ;
; N/A   ; 58.48 MHz ( period = 17.100 ns ) ; inst32 ; inst33 ; CLK        ; CLK      ; None                        ; None                      ; 12.600 ns               ;
; N/A   ; 58.48 MHz ( period = 17.100 ns ) ; inst41 ; inst33 ; CLK        ; CLK      ; None                        ; None                      ; 12.600 ns               ;
; N/A   ; 58.48 MHz ( period = 17.100 ns ) ; inst33 ; inst33 ; CLK        ; CLK      ; None                        ; None                      ; 12.600 ns               ;
; N/A   ; 58.48 MHz ( period = 17.100 ns ) ; inst31 ; inst30 ; CLK        ; CLK      ; None                        ; None                      ; 12.600 ns               ;
; N/A   ; 58.48 MHz ( period = 17.100 ns ) ; inst39 ; inst30 ; CLK        ; CLK      ; None                        ; None                      ; 12.600 ns               ;
; N/A   ; 58.48 MHz ( period = 17.100 ns ) ; inst30 ; inst30 ; CLK        ; CLK      ; None                        ; None                      ; 12.600 ns               ;
; N/A   ; 58.82 MHz ( period = 17.000 ns ) ; inst38 ; inst30 ; CLK        ; CLK      ; None                        ; None                      ; 12.500 ns               ;
; N/A   ; 59.17 MHz ( period = 16.900 ns ) ; inst31 ; inst39 ; CLK        ; CLK      ; None                        ; None                      ; 12.400 ns               ;
; N/A   ; 59.17 MHz ( period = 16.900 ns ) ; inst39 ; inst39 ; CLK        ; CLK      ; None                        ; None                      ; 12.400 ns               ;
; N/A   ; 59.17 MHz ( period = 16.900 ns ) ; inst30 ; inst39 ; CLK        ; CLK      ; None                        ; None                      ; 12.400 ns               ;
; N/A   ; 66.23 MHz ( period = 15.100 ns ) ; inst32 ; inst39 ; CLK        ; CLK      ; None                        ; None                      ; 10.600 ns               ;
; N/A   ; 66.23 MHz ( period = 15.100 ns ) ; inst40 ; inst39 ; CLK        ; CLK      ; None                        ; None                      ; 10.600 ns               ;
; N/A   ; 66.23 MHz ( period = 15.100 ns ) ; inst41 ; inst39 ; CLK        ; CLK      ; None                        ; None                      ; 10.600 ns               ;
; N/A   ; 66.23 MHz ( period = 15.100 ns ) ; inst33 ; inst39 ; CLK        ; CLK      ; None                        ; None                      ; 10.600 ns               ;
; N/A   ; 89.29 MHz ( period = 11.200 ns ) ; inst32 ; inst41 ; CLK        ; CLK      ; None                        ; None                      ; 6.700 ns                ;
+-------+----------------------------------+--------+--------+------------+----------+-----------------------------+---------------------------+-------------------------+


+--------------------------------------------------------------+
; tsu                                                          ;
+-------+--------------+------------+------+--------+----------+
; Slack ; Required tsu ; Actual tsu ; From ; To     ; To Clock ;
+-------+--------------+------------+------+--------+----------+
; N/A   ; None         ; 13.300 ns  ; MSA1 ; inst31 ; CLK      ;
; N/A   ; None         ; 13.300 ns  ; MSC1 ; inst31 ; CLK      ;
; N/A   ; None         ; 13.300 ns  ; MSC2 ; inst31 ; CLK      ;
; N/A   ; None         ; 13.300 ns  ; MSC0 ; inst31 ; CLK      ;
; N/A   ; None         ; 13.100 ns  ; I2   ; inst31 ; CLK      ;
; N/A   ; None         ; 12.400 ns  ; MSA0 ; inst31 ; CLK      ;
; N/A   ; None         ; 11.500 ns  ; MSC1 ; inst41 ; CLK      ;
; N/A   ; None         ; 11.500 ns  ; MSC2 ; inst41 ; CLK      ;
; N/A   ; None         ; 11.500 ns  ; MSC0 ; inst41 ; CLK      ;
; N/A   ; None         ; 11.400 ns  ; MSB0 ; inst41 ; CLK      ;
; N/A   ; None         ; 11.400 ns  ; MSB1 ; inst41 ; CLK      ;
; N/A   ; None         ; 10.600 ns  ; MSA0 ; inst32 ; CLK      ;
; N/A   ; None         ; 10.600 ns  ; MSA0 ; inst33 ; CLK      ;
; N/A   ; None         ; 10.600 ns  ; MSA0 ; inst30 ; CLK      ;
; N/A   ; None         ; 10.600 ns  ; MSA1 ; inst32 ; CLK      ;
; N/A   ; None         ; 10.600 ns  ; MSA1 ; inst33 ; CLK      ;
; N/A   ; None         ; 10.600 ns  ; MSA1 ; inst30 ; CLK      ;
; N/A   ; None         ; 10.600 ns  ; MSC1 ; inst32 ; CLK      ;
; N/A   ; None         ; 10.600 ns  ; MSC1 ; inst40 ; CLK      ;
; N/A   ; None         ; 10.600 ns  ; MSC1 ; inst33 ; CLK      ;
; N/A   ; None         ; 10.600 ns  ; MSC1 ; inst30 ; CLK      ;
; N/A   ; None         ; 10.600 ns  ; MSC2 ; inst32 ; CLK      ;
; N/A   ; None         ; 10.600 ns  ; MSC2 ; inst40 ; CLK      ;
; N/A   ; None         ; 10.600 ns  ; MSC2 ; inst33 ; CLK      ;
; N/A   ; None         ; 10.600 ns  ; MSC2 ; inst30 ; CLK      ;
; N/A   ; None         ; 10.600 ns  ; MSC0 ; inst32 ; CLK      ;
; N/A   ; None         ; 10.600 ns  ; MSC0 ; inst40 ; CLK      ;
; N/A   ; None         ; 10.600 ns  ; MSC0 ; inst33 ; CLK      ;
; N/A   ; None         ; 10.600 ns  ; MSC0 ; inst30 ; CLK      ;
; N/A   ; None         ; 10.500 ns  ; MSB0 ; inst40 ; CLK      ;
; N/A   ; None         ; 10.500 ns  ; MSB1 ; inst40 ; CLK      ;
; N/A   ; None         ; 10.400 ns  ; MSC1 ; inst39 ; CLK      ;
; N/A   ; None         ; 10.400 ns  ; MSC2 ; inst39 ; CLK      ;
; N/A   ; None         ; 10.400 ns  ; MSC0 ; inst39 ; CLK      ;
; N/A   ; None         ; 10.300 ns  ; I3   ; inst30 ; CLK      ;
; N/A   ; None         ; 10.300 ns  ; I1   ; inst32 ; CLK      ;
; N/A   ; None         ; 10.300 ns  ; I1   ; inst40 ; CLK      ;
; N/A   ; None         ; 10.300 ns  ; I0   ; inst33 ; CLK      ;
; N/A   ; None         ; 10.300 ns  ; MSB1 ; inst39 ; CLK      ;
; N/A   ; None         ; 10.200 ns  ; I2   ; inst39 ; CLK      ;
; N/A   ; None         ; 6.400 ns   ; MSB0 ; inst39 ; CLK      ;
; N/A   ; None         ; 5.600 ns   ; MSC1 ; inst38 ; CLK      ;
; N/A   ; None         ; 5.600 ns   ; MSC2 ; inst38 ; CLK      ;
; N/A   ; None         ; 5.600 ns   ; MSC0 ; inst38 ; CLK      ;
; N/A   ; None         ; 5.500 ns   ; MSB0 ; inst38 ; CLK      ;
; N/A   ; None         ; 5.500 ns   ; MSB1 ; inst38 ; CLK      ;
; N/A   ; None         ; 4.400 ns   ; I0   ; inst41 ; CLK      ;
; N/A   ; None         ; 3.500 ns   ; I3   ; inst38 ; CLK      ;
+-------+--------------+------------+------+--------+----------+


+-----------------------------------------------------------------+
; tco                                                             ;
+-------+--------------+------------+--------+-------+------------+
; Slack ; Required tco ; Actual tco ; From   ; To    ; From Clock ;
+-------+--------------+------------+--------+-------+------------+
; N/A   ; None         ; 25.400 ns  ; inst32 ; O3    ; CLK        ;
; N/A   ; None         ; 25.400 ns  ; inst40 ; O3    ; CLK        ;
; N/A   ; None         ; 25.400 ns  ; inst41 ; O3    ; CLK        ;
; N/A   ; None         ; 25.400 ns  ; inst33 ; O3    ; CLK        ;
; N/A   ; None         ; 25.400 ns  ; inst31 ; O3    ; CLK        ;
; N/A   ; None         ; 25.400 ns  ; inst39 ; O3    ; CLK        ;
; N/A   ; None         ; 25.400 ns  ; inst30 ; O3    ; CLK        ;
; N/A   ; None         ; 25.300 ns  ; inst38 ; O3    ; CLK        ;
; N/A   ; None         ; 23.600 ns  ; inst32 ; O2    ; CLK        ;
; N/A   ; None         ; 23.600 ns  ; inst40 ; O2    ; CLK        ;
; N/A   ; None         ; 23.600 ns  ; inst41 ; O2    ; CLK        ;
; N/A   ; None         ; 23.600 ns  ; inst33 ; O2    ; CLK        ;
; N/A   ; None         ; 23.600 ns  ; inst31 ; O2    ; CLK        ;
; N/A   ; None         ; 23.600 ns  ; inst39 ; O2    ; CLK        ;
; N/A   ; None         ; 23.600 ns  ; inst30 ; O2    ; CLK        ;
; N/A   ; None         ; 20.700 ns  ; inst32 ; COUT  ; CLK        ;
; N/A   ; None         ; 20.700 ns  ; inst40 ; COUT  ; CLK        ;
; N/A   ; None         ; 20.700 ns  ; inst31 ; COUT  ; CLK        ;
; N/A   ; None         ; 20.700 ns  ; inst39 ; COUT  ; CLK        ;
; N/A   ; None         ; 20.700 ns  ; inst30 ; COUT  ; CLK        ;
; N/A   ; None         ; 20.600 ns  ; inst38 ; COUT  ; CLK        ;
; N/A   ; None         ; 18.600 ns  ; inst32 ; O1    ; CLK        ;
; N/A   ; None         ; 18.600 ns  ; inst40 ; O1    ; CLK        ;
; N/A   ; None         ; 17.700 ns  ; inst33 ; O1    ; CLK        ;
; N/A   ; None         ; 17.700 ns  ; inst31 ; O1    ; CLK        ;
; N/A   ; None         ; 17.700 ns  ; inst41 ; O0    ; CLK        ;
; N/A   ; None         ; 17.700 ns  ; inst33 ; O0    ; CLK        ;
; N/A   ; None         ; 16.800 ns  ; inst41 ; COUT  ; CLK        ;
; N/A   ; None         ; 16.800 ns  ; inst33 ; COUT  ; CLK        ;
; N/A   ; None         ; 16.800 ns  ; inst41 ; O1    ; CLK        ;
; N/A   ; None         ; 16.800 ns  ; inst32 ; O0    ; CLK        ;
; N/A   ; None         ; 9.700 ns   ; inst30 ; REGA3 ; CLK        ;
; N/A   ; None         ; 9.700 ns   ; inst38 ; REGB3 ; CLK        ;
; N/A   ; None         ; 9.700 ns   ; inst31 ; REGA2 ; CLK        ;
; N/A   ; None         ; 9.700 ns   ; inst39 ; REGB2 ; CLK        ;
; N/A   ; None         ; 9.700 ns   ; inst32 ; REGA1 ; CLK        ;
; N/A   ; None         ; 9.700 ns   ; inst40 ; REGB1 ; CLK        ;
; N/A   ; None         ; 9.700 ns   ; inst33 ; REGA0 ; CLK        ;
; N/A   ; None         ; 9.700 ns   ; inst41 ; REGB0 ; CLK        ;
+-------+--------------+------------+--------+-------+------------+


+---------------------------------------------------------+
; tpd                                                     ;
+-------+-------------------+-----------------+------+----+
; Slack ; Required P2P Time ; Actual P2P Time ; From ; To ;
+-------+-------------------+-----------------+------+----+
; N/A   ; None              ; 18.900 ns       ; MSC0 ; O3 ;
; N/A   ; None              ; 18.900 ns       ; MSC2 ; O3 ;
; N/A   ; None              ; 18.900 ns       ; MSC1 ; O3 ;
; N/A   ; None              ; 17.100 ns       ; MSC0 ; O2 ;
; N/A   ; None              ; 17.100 ns       ; MSC2 ; O2 ;
; N/A   ; None              ; 17.100 ns       ; MSC1 ; O2 ;
; N/A   ; None              ; 12.100 ns       ; MSC0 ; O1 ;
; N/A   ; None              ; 12.100 ns       ; MSC2 ; O1 ;
; N/A   ; None              ; 12.100 ns       ; MSC1 ; O1 ;
; N/A   ; None              ; 11.200 ns       ; MSC0 ; O0 ;
; N/A   ; None              ; 11.200 ns       ; MSC2 ; O0 ;
; N/A   ; None              ; 11.200 ns       ; MSC1 ; O0 ;
+-------+-------------------+-----------------+------+----+


+--------------------------------------------------------------------+
; th                                                                 ;
+---------------+-------------+-----------+------+--------+----------+
; Minimum Slack ; Required th ; Actual th ; From ; To     ; To Clock ;
+---------------+-------------+-----------+------+--------+----------+
; N/A           ; None        ; 0.700 ns  ; I3   ; inst38 ; CLK      ;
; N/A           ; None        ; 0.500 ns  ; MSB0 ; inst41 ; CLK      ;
; N/A           ; None        ; 0.500 ns  ; MSB0 ; inst39 ; CLK      ;
; N/A           ; None        ; 0.500 ns  ; MSB0 ; inst38 ; CLK      ;
; N/A           ; None        ; 0.500 ns  ; MSB1 ; inst41 ; CLK      ;
; N/A           ; None        ; 0.500 ns  ; MSB1 ; inst39 ; CLK      ;
; N/A           ; None        ; 0.500 ns  ; MSB1 ; inst38 ; CLK      ;
; N/A           ; None        ; 0.400 ns  ; MSC1 ; inst41 ; CLK      ;
; N/A           ; None        ; 0.400 ns  ; MSC1 ; inst39 ; CLK      ;
; N/A           ; None        ; 0.400 ns  ; MSC1 ; inst38 ; CLK      ;
; N/A           ; None        ; 0.400 ns  ; MSC2 ; inst41 ; CLK      ;
; N/A           ; None        ; 0.400 ns  ; MSC2 ; inst39 ; CLK      ;
; N/A           ; None        ; 0.400 ns  ; MSC2 ; inst38 ; CLK      ;
; N/A           ; None        ; 0.400 ns  ; MSC0 ; inst41 ; CLK      ;
; N/A           ; None        ; 0.400 ns  ; MSC0 ; inst39 ; CLK      ;
; N/A           ; None        ; 0.400 ns  ; MSC0 ; inst38 ; CLK      ;
; N/A           ; None        ; -0.200 ns ; I0   ; inst41 ; CLK      ;
; N/A           ; None        ; -1.200 ns ; I2   ; inst39 ; CLK      ;
; N/A           ; None        ; -3.400 ns ; MSB1 ; inst40 ; CLK      ;
; N/A           ; None        ; -3.500 ns ; MSA1 ; inst32 ; CLK      ;
; N/A           ; None        ; -3.500 ns ; MSA1 ; inst33 ; CLK      ;
; N/A           ; None        ; -3.500 ns ; MSC1 ; inst32 ; CLK      ;
; N/A           ; None        ; -3.500 ns ; MSC1 ; inst40 ; CLK      ;
; N/A           ; None        ; -3.500 ns ; MSC1 ; inst33 ; CLK      ;
; N/A           ; None        ; -3.500 ns ; MSC2 ; inst33 ; CLK      ;
; N/A           ; None        ; -3.500 ns ; MSC0 ; inst33 ; CLK      ;
; N/A           ; None        ; -6.100 ns ; I3   ; inst30 ; CLK      ;
; N/A           ; None        ; -6.100 ns ; I1   ; inst32 ; CLK      ;
; N/A           ; None        ; -6.100 ns ; I1   ; inst40 ; CLK      ;
; N/A           ; None        ; -6.100 ns ; I0   ; inst33 ; CLK      ;
; N/A           ; None        ; -6.300 ns ; MSB0 ; inst40 ; CLK      ;
; N/A           ; None        ; -6.400 ns ; MSA0 ; inst32 ; CLK      ;
; N/A           ; None        ; -6.400 ns ; MSA0 ; inst33 ; CLK      ;
; N/A           ; None        ; -6.400 ns ; MSA0 ; inst31 ; CLK      ;
; N/A           ; None        ; -6.400 ns ; MSA0 ; inst30 ; CLK      ;
; N/A           ; None        ; -6.400 ns ; MSA1 ; inst31 ; CLK      ;
; N/A           ; None        ; -6.400 ns ; MSA1 ; inst30 ; CLK      ;
; N/A           ; None        ; -6.400 ns ; MSC1 ; inst31 ; CLK      ;
; N/A           ; None        ; -6.400 ns ; MSC1 ; inst30 ; CLK      ;
; N/A           ; None        ; -6.400 ns ; MSC2 ; inst32 ; CLK      ;
; N/A           ; None        ; -6.400 ns ; MSC2 ; inst40 ; CLK      ;
; N/A           ; None        ; -6.400 ns ; MSC2 ; inst31 ; CLK      ;
; N/A           ; None        ; -6.400 ns ; MSC2 ; inst30 ; CLK      ;
; N/A           ; None        ; -6.400 ns ; MSC0 ; inst32 ; CLK      ;
; N/A           ; None        ; -6.400 ns ; MSC0 ; inst40 ; CLK      ;
; N/A           ; None        ; -6.400 ns ; MSC0 ; inst31 ; CLK      ;
; N/A           ; None        ; -6.400 ns ; MSC0 ; inst30 ; CLK      ;
; N/A           ; None        ; -8.000 ns ; I2   ; inst31 ; CLK      ;
+---------------+-------------+-----------+------+--------+----------+


+--------------------------+
; Timing Analyzer Messages ;
+--------------------------+
Info: *******************************************************************
Info: Running Quartus II Classic Timing Analyzer
    Info: Version 9.1 Build 350 03/24/2010 Service Pack 2 SJ Web Edition
    Info: Processing started: Fri Mar 11 07:45:58 2016
Info: Command: quartus_tan --read_settings_files=off --write_settings_files=off Part2 -c Part2
Info: Started post-fitting delay annotation
Info: Delay annotation completed successfully
Warning: Timing Analysis does not support the analysis of latches as synchronous elements for the currently selected device family
Warning: Found pins functioning as undefined clocks and/or memory enables
    Info: Assuming node "CLK" is an undefined clock
Info: Clock "CLK" has Internal fmax of 45.66 MHz between source register "inst40" and destination register "inst31" (period= 21.9 ns)
    Info: + Longest register to register delay is 17.400 ns
        Info: 1: + IC(0.000 ns) + CELL(0.000 ns) = 0.000 ns; Loc. = LC1; Fanout = 88; REG Node = 'inst40'
        Info: 2: + IC(2.600 ns) + CELL(3.900 ns) = 6.500 ns; Loc. = SEXP53; Fanout = 2; COMB Node = 'MUX_41a:inst35|Y~9'
        Info: 3: + IC(0.000 ns) + CELL(1.200 ns) = 7.700 ns; Loc. = LC55; Fanout = 1; COMB Node = 'MUX_41a:inst27|Y~33'
        Info: 4: + IC(0.000 ns) + CELL(4.200 ns) = 11.900 ns; Loc. = LC56; Fanout = 1; COMB Node = 'MUX_41a:inst27|Y~17'
        Info: 5: + IC(2.300 ns) + CELL(3.200 ns) = 17.400 ns; Loc. = LC19; Fanout = 91; REG Node = 'inst31'
        Info: Total cell delay = 12.500 ns ( 71.84 % )
        Info: Total interconnect delay = 4.900 ns ( 28.16 % )
    Info: - Smallest clock skew is 0.000 ns
        Info: + Shortest clock path from clock "CLK" to destination register is 6.300 ns
            Info: 1: + IC(0.000 ns) + CELL(1.400 ns) = 1.400 ns; Loc. = PIN_41; Fanout = 8; CLK Node = 'CLK'
            Info: 2: + IC(2.400 ns) + CELL(2.500 ns) = 6.300 ns; Loc. = LC19; Fanout = 91; REG Node = 'inst31'
            Info: Total cell delay = 3.900 ns ( 61.90 % )
            Info: Total interconnect delay = 2.400 ns ( 38.10 % )
        Info: - Longest clock path from clock "CLK" to source register is 6.300 ns
            Info: 1: + IC(0.000 ns) + CELL(1.400 ns) = 1.400 ns; Loc. = PIN_41; Fanout = 8; CLK Node = 'CLK'
            Info: 2: + IC(2.400 ns) + CELL(2.500 ns) = 6.300 ns; Loc. = LC1; Fanout = 88; REG Node = 'inst40'
            Info: Total cell delay = 3.900 ns ( 61.90 % )
            Info: Total interconnect delay = 2.400 ns ( 38.10 % )
    Info: + Micro clock to output delay of source is 1.600 ns
    Info: + Micro setup delay of destination is 2.900 ns
Info: tsu for register "inst31" (data pin = "MSA1", clock pin = "CLK") is 13.300 ns
    Info: + Longest pin to register delay is 16.700 ns
        Info: 1: + IC(0.000 ns) + CELL(1.400 ns) = 1.400 ns; Loc. = PIN_28; Fanout = 60; PIN Node = 'MSA1'
        Info: 2: + IC(2.600 ns) + CELL(1.200 ns) = 5.200 ns; Loc. = LC53; Fanout = 1; COMB Node = 'MUX_41a:inst27|Y~22'
        Info: 3: + IC(0.000 ns) + CELL(0.900 ns) = 6.100 ns; Loc. = LC54; Fanout = 1; COMB Node = 'MUX_41a:inst27|Y~27'
        Info: 4: + IC(0.000 ns) + CELL(0.900 ns) = 7.000 ns; Loc. = LC55; Fanout = 1; COMB Node = 'MUX_41a:inst27|Y~33'
        Info: 5: + IC(0.000 ns) + CELL(4.200 ns) = 11.200 ns; Loc. = LC56; Fanout = 1; COMB Node = 'MUX_41a:inst27|Y~17'
        Info: 6: + IC(2.300 ns) + CELL(3.200 ns) = 16.700 ns; Loc. = LC19; Fanout = 91; REG Node = 'inst31'
        Info: Total cell delay = 11.800 ns ( 70.66 % )
        Info: Total interconnect delay = 4.900 ns ( 29.34 % )
    Info: + Micro setup delay of destination is 2.900 ns
    Info: - Shortest clock path from clock "CLK" to destination register is 6.300 ns
        Info: 1: + IC(0.000 ns) + CELL(1.400 ns) = 1.400 ns; Loc. = PIN_41; Fanout = 8; CLK Node = 'CLK'
        Info: 2: + IC(2.400 ns) + CELL(2.500 ns) = 6.300 ns; Loc. = LC19; Fanout = 91; REG Node = 'inst31'
        Info: Total cell delay = 3.900 ns ( 61.90 % )
        Info: Total interconnect delay = 2.400 ns ( 38.10 % )
Info: tco from clock "CLK" to destination pin "O3" through register "inst32" is 25.400 ns
    Info: + Longest clock path from clock "CLK" to source register is 6.300 ns
        Info: 1: + IC(0.000 ns) + CELL(1.400 ns) = 1.400 ns; Loc. = PIN_41; Fanout = 8; CLK Node = 'CLK'
        Info: 2: + IC(2.400 ns) + CELL(2.500 ns) = 6.300 ns; Loc. = LC20; Fanout = 94; REG Node = 'inst32'
        Info: Total cell delay = 3.900 ns ( 61.90 % )
        Info: Total interconnect delay = 2.400 ns ( 38.10 % )
    Info: + Micro clock to output delay of source is 1.600 ns
    Info: + Longest register to pin delay is 17.500 ns
        Info: 1: + IC(0.000 ns) + CELL(0.000 ns) = 0.000 ns; Loc. = LC20; Fanout = 94; REG Node = 'inst32'
        Info: 2: + IC(2.600 ns) + CELL(1.200 ns) = 3.800 ns; Loc. = LC44; Fanout = 1; COMB Node = '74151:inst59|p74151:sub|23~73'
        Info: 3: + IC(0.000 ns) + CELL(0.900 ns) = 4.700 ns; Loc. = LC45; Fanout = 1; COMB Node = '74151:inst59|p74151:sub|23~72'
        Info: 4: + IC(0.000 ns) + CELL(4.200 ns) = 8.900 ns; Loc. = LC46; Fanout = 1; COMB Node = '74151:inst59|p74151:sub|23~26sexpand0bal'
        Info: 5: + IC(2.300 ns) + CELL(4.500 ns) = 15.700 ns; Loc. = LC4; Fanout = 1; COMB Node = '74151:inst59|p74151:sub|23~50'
        Info: 6: + IC(0.000 ns) + CELL(1.800 ns) = 17.500 ns; Loc. = PIN_9; Fanout = 0; PIN Node = 'O3'
        Info: Total cell delay = 12.600 ns ( 72.00 % )
        Info: Total interconnect delay = 4.900 ns ( 28.00 % )
Info: Longest tpd from source pin "MSC0" to destination pin "O3" is 18.900 ns
    Info: 1: + IC(0.000 ns) + CELL(1.400 ns) = 1.400 ns; Loc. = PIN_39; Fanout = 135; PIN Node = 'MSC0'
    Info: 2: + IC(2.600 ns) + CELL(1.200 ns) = 5.200 ns; Loc. = LC44; Fanout = 1; COMB Node = '74151:inst59|p74151:sub|23~73'
    Info: 3: + IC(0.000 ns) + CELL(0.900 ns) = 6.100 ns; Loc. = LC45; Fanout = 1; COMB Node = '74151:inst59|p74151:sub|23~72'
    Info: 4: + IC(0.000 ns) + CELL(4.200 ns) = 10.300 ns; Loc. = LC46; Fanout = 1; COMB Node = '74151:inst59|p74151:sub|23~26sexpand0bal'
    Info: 5: + IC(2.300 ns) + CELL(4.500 ns) = 17.100 ns; Loc. = LC4; Fanout = 1; COMB Node = '74151:inst59|p74151:sub|23~50'
    Info: 6: + IC(0.000 ns) + CELL(1.800 ns) = 18.900 ns; Loc. = PIN_9; Fanout = 0; PIN Node = 'O3'
    Info: Total cell delay = 14.000 ns ( 74.07 % )
    Info: Total interconnect delay = 4.900 ns ( 25.93 % )
Info: th for register "inst38" (data pin = "I3", clock pin = "CLK") is 0.700 ns
    Info: + Longest clock path from clock "CLK" to destination register is 6.300 ns
        Info: 1: + IC(0.000 ns) + CELL(1.400 ns) = 1.400 ns; Loc. = PIN_41; Fanout = 8; CLK Node = 'CLK'
        Info: 2: + IC(2.400 ns) + CELL(2.500 ns) = 6.300 ns; Loc. = LC25; Fanout = 72; REG Node = 'inst38'
        Info: Total cell delay = 3.900 ns ( 61.90 % )
        Info: Total interconnect delay = 2.400 ns ( 38.10 % )
    Info: + Micro hold delay of destination is 1.300 ns
    Info: - Shortest pin to register delay is 6.900 ns
        Info: 1: + IC(0.000 ns) + CELL(1.400 ns) = 1.400 ns; Loc. = PIN_24; Fanout = 2; PIN Node = 'I3'
        Info: 2: + IC(2.300 ns) + CELL(3.200 ns) = 6.900 ns; Loc. = LC25; Fanout = 72; REG Node = 'inst38'
        Info: Total cell delay = 4.600 ns ( 66.67 % )
        Info: Total interconnect delay = 2.300 ns ( 33.33 % )
Info: Quartus II Classic Timing Analyzer was successful. 0 errors, 2 warnings
    Info: Peak virtual memory: 176 megabytes
    Info: Processing ended: Fri Mar 11 07:45:58 2016
    Info: Elapsed time: 00:00:00
    Info: Total CPU time (on all processors): 00:00:00


