Classic Timing Analyzer report for Lab8
Fri Apr 08 04:59:53 2016
Quartus II Version 9.1 Build 350 03/24/2010 Service Pack 2 SJ Web Edition


---------------------
; Table of Contents ;
---------------------
  1. Legal Notice
  2. Timing Analyzer Summary
  3. Timing Analyzer Settings
  4. Clock Settings Summary
  5. Parallel Compilation
  6. Clock Setup: 'CLK'
  7. tsu
  8. tco
  9. th
 10. Timing Analyzer Messages



----------------
; Legal Notice ;
----------------
Copyright (C) 1991-2010 Altera Corporation
Your use of Altera Corporation's design tools, logic functions 
and other software and tools, and its AMPP partner logic 
functions, and any output files from any of the foregoing 
(including device programming or simulation files), and any 
associated documentation or information are expressly subject 
to the terms and conditions of the Altera Program License 
Subscription Agreement, Altera MegaCore Function License 
Agreement, or other applicable license agreement, including, 
without limitation, that your use is for the sole purpose of 
programming logic devices manufactured by Altera and sold by 
Altera or its authorized distributors.  Please refer to the 
applicable agreement for further details.



+------------------------------------------------------------------------------------------------------------------------------------------------------------------------+
; Timing Analyzer Summary                                                                                                                                                ;
+------------------------------+-------+---------------+----------------------------------+-------------------+-------------------+------------+----------+--------------+
; Type                         ; Slack ; Required Time ; Actual Time                      ; From              ; To                ; From Clock ; To Clock ; Failed Paths ;
+------------------------------+-------+---------------+----------------------------------+-------------------+-------------------+------------+----------+--------------+
; Worst-case tsu               ; N/A   ; None          ; 17.900 ns                        ; CIN               ; Part2:inst|inst31 ; --         ; CLK      ; 0            ;
; Worst-case tco               ; N/A   ; None          ; 14.100 ns                        ; inst1             ; MSA1              ; CLK        ; --       ; 0            ;
; Worst-case th                ; N/A   ; None          ; -2.000 ns                        ; I1                ; inst1             ; --         ; CLK      ; 0            ;
; Clock Setup: 'CLK'           ; N/A   ; None          ; 44.25 MHz ( period = 22.600 ns ) ; Part2:inst|inst40 ; Part2:inst|inst31 ; CLK        ; CLK      ; 0            ;
; Total number of failed paths ;       ;               ;                                  ;                   ;                   ;            ;          ; 0            ;
+------------------------------+-------+---------------+----------------------------------+-------------------+-------------------+------------+----------+--------------+


+-----------------------------------------------------------------------------------------------------------------------------------------------------+
; Timing Analyzer Settings                                                                                                                            ;
+------------------------------------------------------------------------------------------------------+--------------------+------+----+-------------+
; Option                                                                                               ; Setting            ; From ; To ; Entity Name ;
+------------------------------------------------------------------------------------------------------+--------------------+------+----+-------------+
; Device Name                                                                                          ; EPM3064ALC44-10    ;      ;    ;             ;
; Timing Models                                                                                        ; Final              ;      ;    ;             ;
; Default hold multicycle                                                                              ; Same as Multicycle ;      ;    ;             ;
; Cut paths between unrelated clock domains                                                            ; On                 ;      ;    ;             ;
; Cut off read during write signal paths                                                               ; On                 ;      ;    ;             ;
; Cut off feedback from I/O pins                                                                       ; On                 ;      ;    ;             ;
; Report Combined Fast/Slow Timing                                                                     ; Off                ;      ;    ;             ;
; Ignore Clock Settings                                                                                ; Off                ;      ;    ;             ;
; Analyze latches as synchronous elements                                                              ; On                 ;      ;    ;             ;
; Enable Recovery/Removal analysis                                                                     ; Off                ;      ;    ;             ;
; Enable Clock Latency                                                                                 ; Off                ;      ;    ;             ;
; Use TimeQuest Timing Analyzer                                                                        ; Off                ;      ;    ;             ;
; Minimum Core Junction Temperature                                                                    ; 0                  ;      ;    ;             ;
; Maximum Core Junction Temperature                                                                    ; 85                 ;      ;    ;             ;
; Number of source nodes to report per destination node                                                ; 10                 ;      ;    ;             ;
; Number of destination nodes to report                                                                ; 10                 ;      ;    ;             ;
; Number of paths to report                                                                            ; 200                ;      ;    ;             ;
; Report Minimum Timing Checks                                                                         ; Off                ;      ;    ;             ;
; Use Fast Timing Models                                                                               ; Off                ;      ;    ;             ;
; Report IO Paths Separately                                                                           ; Off                ;      ;    ;             ;
; Perform Multicorner Analysis                                                                         ; Off                ;      ;    ;             ;
; Reports the worst-case path for each clock domain and analysis                                       ; Off                ;      ;    ;             ;
; Reports worst-case timing paths for each clock domain and analysis                                   ; On                 ;      ;    ;             ;
; Specifies the maximum number of worst-case timing paths to report for each clock domain and analysis ; 100                ;      ;    ;             ;
; Removes common clock path pessimism (CCPP) during slack computation                                  ; Off                ;      ;    ;             ;
; Output I/O Timing Endpoint                                                                           ; Near End           ;      ;    ;             ;
+------------------------------------------------------------------------------------------------------+--------------------+------+----+-------------+


+------------------------------------------------------------------------------------------------------------------------------------------------------------------------------------+
; Clock Settings Summary                                                                                                                                                             ;
+-----------------+--------------------+----------+------------------+---------------+--------------+----------+-----------------------+---------------------+--------+--------------+
; Clock Node Name ; Clock Setting Name ; Type     ; Fmax Requirement ; Early Latency ; Late Latency ; Based on ; Multiply Base Fmax by ; Divide Base Fmax by ; Offset ; Phase offset ;
+-----------------+--------------------+----------+------------------+---------------+--------------+----------+-----------------------+---------------------+--------+--------------+
; CLK             ;                    ; User Pin ; None             ; 0.000 ns      ; 0.000 ns     ; --       ; N/A                   ; N/A                 ; N/A    ;              ;
+-----------------+--------------------+----------+------------------+---------------+--------------+----------+-----------------------+---------------------+--------+--------------+


Parallel compilation was disabled, but you have multiple processors available. Enable parallel compilation to reduce compilation time.
+-------------------------------------+
; Parallel Compilation                ;
+----------------------------+--------+
; Processors                 ; Number ;
+----------------------------+--------+
; Number detected on machine ; 4      ;
; Maximum allowed            ; 1      ;
+----------------------------+--------+


+-----------------------------------------------------------------------------------------------------------------------------------------------------------------------------------------------+
; Clock Setup: 'CLK'                                                                                                                                                                            ;
+-------+-----------------------------------+-------------------+-------------------+------------+----------+-----------------------------+---------------------------+-------------------------+
; Slack ; Actual fmax (period)              ; From              ; To                ; From Clock ; To Clock ; Required Setup Relationship ; Required Longest P2P Time ; Actual Longest P2P Time ;
+-------+-----------------------------------+-------------------+-------------------+------------+----------+-----------------------------+---------------------------+-------------------------+
; N/A   ; 44.25 MHz ( period = 22.600 ns )  ; Part2:inst|inst32 ; Part2:inst|inst31 ; CLK        ; CLK      ; None                        ; None                      ; 18.100 ns               ;
; N/A   ; 44.25 MHz ( period = 22.600 ns )  ; Part2:inst|inst40 ; Part2:inst|inst31 ; CLK        ; CLK      ; None                        ; None                      ; 18.100 ns               ;
; N/A   ; 45.66 MHz ( period = 21.900 ns )  ; inst5             ; Part2:inst|inst31 ; CLK        ; CLK      ; None                        ; None                      ; 17.400 ns               ;
; N/A   ; 45.66 MHz ( period = 21.900 ns )  ; inst1             ; Part2:inst|inst31 ; CLK        ; CLK      ; None                        ; None                      ; 17.400 ns               ;
; N/A   ; 46.08 MHz ( period = 21.700 ns )  ; Part2:inst|inst41 ; Part2:inst|inst31 ; CLK        ; CLK      ; None                        ; None                      ; 17.200 ns               ;
; N/A   ; 47.85 MHz ( period = 20.900 ns )  ; Part2:inst|inst31 ; Part2:inst|inst30 ; CLK        ; CLK      ; None                        ; None                      ; 16.400 ns               ;
; N/A   ; 48.08 MHz ( period = 20.800 ns )  ; Part2:inst|inst38 ; Part2:inst|inst30 ; CLK        ; CLK      ; None                        ; None                      ; 16.300 ns               ;
; N/A   ; 48.08 MHz ( period = 20.800 ns )  ; Part2:inst|inst30 ; Part2:inst|inst30 ; CLK        ; CLK      ; None                        ; None                      ; 16.300 ns               ;
; N/A   ; 48.08 MHz ( period = 20.800 ns )  ; Part2:inst|inst41 ; Part2:inst|inst30 ; CLK        ; CLK      ; None                        ; None                      ; 16.300 ns               ;
; N/A   ; 48.08 MHz ( period = 20.800 ns )  ; Part2:inst|inst39 ; Part2:inst|inst30 ; CLK        ; CLK      ; None                        ; None                      ; 16.300 ns               ;
; N/A   ; 48.08 MHz ( period = 20.800 ns )  ; Part2:inst|inst32 ; Part2:inst|inst30 ; CLK        ; CLK      ; None                        ; None                      ; 16.300 ns               ;
; N/A   ; 48.08 MHz ( period = 20.800 ns )  ; Part2:inst|inst40 ; Part2:inst|inst30 ; CLK        ; CLK      ; None                        ; None                      ; 16.300 ns               ;
; N/A   ; 50.51 MHz ( period = 19.800 ns )  ; inst2             ; Part2:inst|inst31 ; CLK        ; CLK      ; None                        ; None                      ; 15.300 ns               ;
; N/A   ; 50.76 MHz ( period = 19.700 ns )  ; Part2:inst|inst31 ; Part2:inst|inst31 ; CLK        ; CLK      ; None                        ; None                      ; 15.200 ns               ;
; N/A   ; 51.02 MHz ( period = 19.600 ns )  ; Part2:inst|inst39 ; Part2:inst|inst31 ; CLK        ; CLK      ; None                        ; None                      ; 15.100 ns               ;
; N/A   ; 56.18 MHz ( period = 17.800 ns )  ; Part2:inst|inst33 ; Part2:inst|inst31 ; CLK        ; CLK      ; None                        ; None                      ; 13.300 ns               ;
; N/A   ; 59.17 MHz ( period = 16.900 ns )  ; Part2:inst|inst33 ; Part2:inst|inst30 ; CLK        ; CLK      ; None                        ; None                      ; 12.400 ns               ;
; N/A   ; 66.23 MHz ( period = 15.100 ns )  ; inst5             ; Part2:inst|inst32 ; CLK        ; CLK      ; None                        ; None                      ; 10.600 ns               ;
; N/A   ; 66.23 MHz ( period = 15.100 ns )  ; inst1             ; Part2:inst|inst32 ; CLK        ; CLK      ; None                        ; None                      ; 10.600 ns               ;
; N/A   ; 66.23 MHz ( period = 15.100 ns )  ; inst2             ; Part2:inst|inst32 ; CLK        ; CLK      ; None                        ; None                      ; 10.600 ns               ;
; N/A   ; 67.11 MHz ( period = 14.900 ns )  ; Part2:inst|inst41 ; Part2:inst|inst32 ; CLK        ; CLK      ; None                        ; None                      ; 10.400 ns               ;
; N/A   ; 67.11 MHz ( period = 14.900 ns )  ; Part2:inst|inst33 ; Part2:inst|inst32 ; CLK        ; CLK      ; None                        ; None                      ; 10.400 ns               ;
; N/A   ; 67.11 MHz ( period = 14.900 ns )  ; Part2:inst|inst32 ; Part2:inst|inst32 ; CLK        ; CLK      ; None                        ; None                      ; 10.400 ns               ;
; N/A   ; 67.11 MHz ( period = 14.900 ns )  ; Part2:inst|inst40 ; Part2:inst|inst32 ; CLK        ; CLK      ; None                        ; None                      ; 10.400 ns               ;
; N/A   ; 81.97 MHz ( period = 12.200 ns )  ; inst1             ; Part2:inst|inst30 ; CLK        ; CLK      ; None                        ; None                      ; 7.700 ns                ;
; N/A   ; 81.97 MHz ( period = 12.200 ns )  ; inst2             ; Part2:inst|inst30 ; CLK        ; CLK      ; None                        ; None                      ; 7.700 ns                ;
; N/A   ; 89.29 MHz ( period = 11.200 ns )  ; inst5             ; Part2:inst|inst30 ; CLK        ; CLK      ; None                        ; None                      ; 6.700 ns                ;
; N/A   ; 89.29 MHz ( period = 11.200 ns )  ; inst5             ; Part2:inst|inst33 ; CLK        ; CLK      ; None                        ; None                      ; 6.700 ns                ;
; N/A   ; 89.29 MHz ( period = 11.200 ns )  ; inst1             ; Part2:inst|inst33 ; CLK        ; CLK      ; None                        ; None                      ; 6.700 ns                ;
; N/A   ; 89.29 MHz ( period = 11.200 ns )  ; inst2             ; Part2:inst|inst33 ; CLK        ; CLK      ; None                        ; None                      ; 6.700 ns                ;
; N/A   ; 90.91 MHz ( period = 11.000 ns )  ; Part2:inst|inst41 ; Part2:inst|inst33 ; CLK        ; CLK      ; None                        ; None                      ; 6.500 ns                ;
; N/A   ; 97.09 MHz ( period = 10.300 ns )  ; inst5             ; Part2:inst|inst38 ; CLK        ; CLK      ; None                        ; None                      ; 5.800 ns                ;
; N/A   ; 97.09 MHz ( period = 10.300 ns )  ; inst1             ; Part2:inst|inst38 ; CLK        ; CLK      ; None                        ; None                      ; 5.800 ns                ;
; N/A   ; 97.09 MHz ( period = 10.300 ns )  ; inst2             ; Part2:inst|inst38 ; CLK        ; CLK      ; None                        ; None                      ; 5.800 ns                ;
; N/A   ; 97.09 MHz ( period = 10.300 ns )  ; inst5             ; Part2:inst|inst41 ; CLK        ; CLK      ; None                        ; None                      ; 5.800 ns                ;
; N/A   ; 97.09 MHz ( period = 10.300 ns )  ; inst1             ; Part2:inst|inst41 ; CLK        ; CLK      ; None                        ; None                      ; 5.800 ns                ;
; N/A   ; 97.09 MHz ( period = 10.300 ns )  ; inst2             ; Part2:inst|inst41 ; CLK        ; CLK      ; None                        ; None                      ; 5.800 ns                ;
; N/A   ; 97.09 MHz ( period = 10.300 ns )  ; inst5             ; Part2:inst|inst39 ; CLK        ; CLK      ; None                        ; None                      ; 5.800 ns                ;
; N/A   ; 97.09 MHz ( period = 10.300 ns )  ; inst1             ; Part2:inst|inst39 ; CLK        ; CLK      ; None                        ; None                      ; 5.800 ns                ;
; N/A   ; 97.09 MHz ( period = 10.300 ns )  ; inst2             ; Part2:inst|inst39 ; CLK        ; CLK      ; None                        ; None                      ; 5.800 ns                ;
; N/A   ; 97.09 MHz ( period = 10.300 ns )  ; inst5             ; Part2:inst|inst40 ; CLK        ; CLK      ; None                        ; None                      ; 5.800 ns                ;
; N/A   ; 97.09 MHz ( period = 10.300 ns )  ; inst1             ; Part2:inst|inst40 ; CLK        ; CLK      ; None                        ; None                      ; 5.800 ns                ;
; N/A   ; 97.09 MHz ( period = 10.300 ns )  ; inst2             ; Part2:inst|inst40 ; CLK        ; CLK      ; None                        ; None                      ; 5.800 ns                ;
; N/A   ; 98.04 MHz ( period = 10.200 ns )  ; Part2:inst|inst31 ; Part2:inst|inst39 ; CLK        ; CLK      ; None                        ; None                      ; 5.700 ns                ;
; N/A   ; 99.01 MHz ( period = 10.100 ns )  ; Part2:inst|inst38 ; Part2:inst|inst38 ; CLK        ; CLK      ; None                        ; None                      ; 5.600 ns                ;
; N/A   ; 99.01 MHz ( period = 10.100 ns )  ; Part2:inst|inst30 ; Part2:inst|inst38 ; CLK        ; CLK      ; None                        ; None                      ; 5.600 ns                ;
; N/A   ; 99.01 MHz ( period = 10.100 ns )  ; Part2:inst|inst41 ; Part2:inst|inst41 ; CLK        ; CLK      ; None                        ; None                      ; 5.600 ns                ;
; N/A   ; 99.01 MHz ( period = 10.100 ns )  ; Part2:inst|inst33 ; Part2:inst|inst41 ; CLK        ; CLK      ; None                        ; None                      ; 5.600 ns                ;
; N/A   ; 99.01 MHz ( period = 10.100 ns )  ; Part2:inst|inst33 ; Part2:inst|inst33 ; CLK        ; CLK      ; None                        ; None                      ; 5.600 ns                ;
; N/A   ; 99.01 MHz ( period = 10.100 ns )  ; Part2:inst|inst39 ; Part2:inst|inst39 ; CLK        ; CLK      ; None                        ; None                      ; 5.600 ns                ;
; N/A   ; 99.01 MHz ( period = 10.100 ns )  ; Part2:inst|inst32 ; Part2:inst|inst40 ; CLK        ; CLK      ; None                        ; None                      ; 5.600 ns                ;
; N/A   ; 99.01 MHz ( period = 10.100 ns )  ; Part2:inst|inst40 ; Part2:inst|inst40 ; CLK        ; CLK      ; None                        ; None                      ; 5.600 ns                ;
; N/A   ; 100.00 MHz ( period = 10.000 ns ) ; inst5             ; inst5             ; CLK        ; CLK      ; None                        ; None                      ; 5.500 ns                ;
; N/A   ; 120.48 MHz ( period = 8.300 ns )  ; inst5             ; inst1             ; CLK        ; CLK      ; None                        ; None                      ; 3.800 ns                ;
; N/A   ; 120.48 MHz ( period = 8.300 ns )  ; inst5             ; inst2             ; CLK        ; CLK      ; None                        ; None                      ; 3.800 ns                ;
+-------+-----------------------------------+-------------------+-------------------+------------+----------+-----------------------------+---------------------------+-------------------------+


+-------------------------------------------------------------------------+
; tsu                                                                     ;
+-------+--------------+------------+------+-------------------+----------+
; Slack ; Required tsu ; Actual tsu ; From ; To                ; To Clock ;
+-------+--------------+------------+------+-------------------+----------+
; N/A   ; None         ; 17.900 ns  ; CIN  ; Part2:inst|inst31 ; CLK      ;
; N/A   ; None         ; 17.000 ns  ; CIN  ; Part2:inst|inst30 ; CLK      ;
; N/A   ; None         ; 13.900 ns  ; I2   ; Part2:inst|inst31 ; CLK      ;
; N/A   ; None         ; 11.100 ns  ; CIN  ; Part2:inst|inst32 ; CLK      ;
; N/A   ; None         ; 7.200 ns   ; CIN  ; Part2:inst|inst33 ; CLK      ;
; N/A   ; None         ; 7.100 ns   ; I3   ; Part2:inst|inst30 ; CLK      ;
; N/A   ; None         ; 7.100 ns   ; I1   ; Part2:inst|inst32 ; CLK      ;
; N/A   ; None         ; 6.300 ns   ; I0   ; inst2             ; CLK      ;
; N/A   ; None         ; 6.300 ns   ; I0   ; Part2:inst|inst33 ; CLK      ;
; N/A   ; None         ; 6.200 ns   ; I1   ; inst1             ; CLK      ;
+-------+--------------+------------+------+-------------------+----------+


+----------------------------------------------------------------------------+
; tco                                                                        ;
+-------+--------------+------------+-------------------+-------+------------+
; Slack ; Required tco ; Actual tco ; From              ; To    ; From Clock ;
+-------+--------------+------------+-------------------+-------+------------+
; N/A   ; None         ; 14.100 ns  ; inst5             ; MSB0  ; CLK        ;
; N/A   ; None         ; 14.100 ns  ; inst1             ; MSB0  ; CLK        ;
; N/A   ; None         ; 14.100 ns  ; inst2             ; MSB0  ; CLK        ;
; N/A   ; None         ; 14.100 ns  ; inst5             ; MSB1  ; CLK        ;
; N/A   ; None         ; 14.100 ns  ; inst1             ; MSB1  ; CLK        ;
; N/A   ; None         ; 14.100 ns  ; inst2             ; MSB1  ; CLK        ;
; N/A   ; None         ; 14.100 ns  ; inst5             ; MSA0  ; CLK        ;
; N/A   ; None         ; 14.100 ns  ; inst1             ; MSA0  ; CLK        ;
; N/A   ; None         ; 14.100 ns  ; inst2             ; MSA0  ; CLK        ;
; N/A   ; None         ; 14.100 ns  ; inst2             ; MSC0  ; CLK        ;
; N/A   ; None         ; 14.100 ns  ; inst5             ; MSA1  ; CLK        ;
; N/A   ; None         ; 14.100 ns  ; inst1             ; MSA1  ; CLK        ;
; N/A   ; None         ; 7.000 ns   ; Part2:inst|inst30 ; REGA3 ; CLK        ;
; N/A   ; None         ; 7.000 ns   ; Part2:inst|inst31 ; REGA2 ; CLK        ;
; N/A   ; None         ; 7.000 ns   ; Part2:inst|inst32 ; REGA1 ; CLK        ;
; N/A   ; None         ; 7.000 ns   ; Part2:inst|inst33 ; REGA0 ; CLK        ;
; N/A   ; None         ; 7.000 ns   ; Part2:inst|inst41 ; REGB0 ; CLK        ;
; N/A   ; None         ; 7.000 ns   ; Part2:inst|inst40 ; REGB1 ; CLK        ;
; N/A   ; None         ; 7.000 ns   ; Part2:inst|inst39 ; REGB2 ; CLK        ;
; N/A   ; None         ; 7.000 ns   ; Part2:inst|inst38 ; REGB3 ; CLK        ;
; N/A   ; None         ; 7.000 ns   ; inst2             ; IR0   ; CLK        ;
; N/A   ; None         ; 7.000 ns   ; inst1             ; IR1   ; CLK        ;
; N/A   ; None         ; 7.000 ns   ; inst5             ; IRLD  ; CLK        ;
+-------+--------------+------------+-------------------+-------+------------+


+-------------------------------------------------------------------------------+
; th                                                                            ;
+---------------+-------------+-----------+------+-------------------+----------+
; Minimum Slack ; Required th ; Actual th ; From ; To                ; To Clock ;
+---------------+-------------+-----------+------+-------------------+----------+
; N/A           ; None        ; -2.000 ns ; I3   ; Part2:inst|inst30 ; CLK      ;
; N/A           ; None        ; -2.000 ns ; I1   ; inst1             ; CLK      ;
; N/A           ; None        ; -2.100 ns ; CIN  ; Part2:inst|inst33 ; CLK      ;
; N/A           ; None        ; -2.100 ns ; I0   ; inst2             ; CLK      ;
; N/A           ; None        ; -2.100 ns ; I0   ; Part2:inst|inst33 ; CLK      ;
; N/A           ; None        ; -2.900 ns ; I1   ; Part2:inst|inst32 ; CLK      ;
; N/A           ; None        ; -3.000 ns ; CIN  ; Part2:inst|inst32 ; CLK      ;
; N/A           ; None        ; -8.900 ns ; CIN  ; Part2:inst|inst30 ; CLK      ;
; N/A           ; None        ; -9.700 ns ; I2   ; Part2:inst|inst31 ; CLK      ;
; N/A           ; None        ; -9.800 ns ; CIN  ; Part2:inst|inst31 ; CLK      ;
+---------------+-------------+-----------+------+-------------------+----------+


+--------------------------+
; Timing Analyzer Messages ;
+--------------------------+
Info: *******************************************************************
Info: Running Quartus II Classic Timing Analyzer
    Info: Version 9.1 Build 350 03/24/2010 Service Pack 2 SJ Web Edition
    Info: Processing started: Fri Apr 08 04:59:53 2016
Info: Command: quartus_tan --read_settings_files=off --write_settings_files=off Lab8 -c Lab8
Info: Started post-fitting delay annotation
Info: Delay annotation completed successfully
Warning: Timing Analysis does not support the analysis of latches as synchronous elements for the currently selected device family
Warning: Found pins functioning as undefined clocks and/or memory enables
    Info: Assuming node "CLK" is an undefined clock
Info: Clock "CLK" has Internal fmax of 44.25 MHz between source register "Part2:inst|inst32" and destination register "Part2:inst|inst31" (period= 22.6 ns)
    Info: + Longest register to register delay is 18.100 ns
        Info: 1: + IC(0.000 ns) + CELL(0.000 ns) = 0.000 ns; Loc. = LC16; Fanout = 25; REG Node = 'Part2:inst|inst32'
        Info: 2: + IC(2.400 ns) + CELL(3.900 ns) = 6.300 ns; Loc. = SEXP64; Fanout = 2; COMB Node = 'Part2:inst|MUX_41a:inst27|Y~9'
        Info: 3: + IC(0.000 ns) + CELL(1.200 ns) = 7.500 ns; Loc. = LC55; Fanout = 1; COMB Node = 'Part2:inst|MUX_41a:inst27|Y~27'
        Info: 4: + IC(0.000 ns) + CELL(0.900 ns) = 8.400 ns; Loc. = LC56; Fanout = 1; COMB Node = 'Part2:inst|MUX_41a:inst27|Y~33'
        Info: 5: + IC(0.000 ns) + CELL(4.200 ns) = 12.600 ns; Loc. = LC57; Fanout = 1; COMB Node = 'Part2:inst|MUX_41a:inst27|Y~16'
        Info: 6: + IC(2.300 ns) + CELL(3.200 ns) = 18.100 ns; Loc. = LC14; Fanout = 24; REG Node = 'Part2:inst|inst31'
        Info: Total cell delay = 13.400 ns ( 74.03 % )
        Info: Total interconnect delay = 4.700 ns ( 25.97 % )
    Info: - Smallest clock skew is 0.000 ns
        Info: + Shortest clock path from clock "CLK" to destination register is 3.600 ns
            Info: 1: + IC(0.000 ns) + CELL(2.300 ns) = 2.300 ns; Loc. = PIN_43; Fanout = 11; CLK Node = 'CLK'
            Info: 2: + IC(0.000 ns) + CELL(1.300 ns) = 3.600 ns; Loc. = LC14; Fanout = 24; REG Node = 'Part2:inst|inst31'
            Info: Total cell delay = 3.600 ns ( 100.00 % )
        Info: - Longest clock path from clock "CLK" to source register is 3.600 ns
            Info: 1: + IC(0.000 ns) + CELL(2.300 ns) = 2.300 ns; Loc. = PIN_43; Fanout = 11; CLK Node = 'CLK'
            Info: 2: + IC(0.000 ns) + CELL(1.300 ns) = 3.600 ns; Loc. = LC16; Fanout = 25; REG Node = 'Part2:inst|inst32'
            Info: Total cell delay = 3.600 ns ( 100.00 % )
    Info: + Micro clock to output delay of source is 1.600 ns
    Info: + Micro setup delay of destination is 2.900 ns
Info: tsu for register "Part2:inst|inst31" (data pin = "CIN", clock pin = "CLK") is 17.900 ns
    Info: + Longest pin to register delay is 18.600 ns
        Info: 1: + IC(0.000 ns) + CELL(1.400 ns) = 1.400 ns; Loc. = PIN_31; Fanout = 16; PIN Node = 'CIN'
        Info: 2: + IC(2.400 ns) + CELL(3.900 ns) = 7.700 ns; Loc. = SEXP53; Fanout = 4; COMB Node = 'Part2:inst|MUX_41a:inst27|Y~7'
        Info: 3: + IC(0.000 ns) + CELL(1.200 ns) = 8.900 ns; Loc. = LC56; Fanout = 1; COMB Node = 'Part2:inst|MUX_41a:inst27|Y~33'
        Info: 4: + IC(0.000 ns) + CELL(4.200 ns) = 13.100 ns; Loc. = LC57; Fanout = 1; COMB Node = 'Part2:inst|MUX_41a:inst27|Y~16'
        Info: 5: + IC(2.300 ns) + CELL(3.200 ns) = 18.600 ns; Loc. = LC14; Fanout = 24; REG Node = 'Part2:inst|inst31'
        Info: Total cell delay = 13.900 ns ( 74.73 % )
        Info: Total interconnect delay = 4.700 ns ( 25.27 % )
    Info: + Micro setup delay of destination is 2.900 ns
    Info: - Shortest clock path from clock "CLK" to destination register is 3.600 ns
        Info: 1: + IC(0.000 ns) + CELL(2.300 ns) = 2.300 ns; Loc. = PIN_43; Fanout = 11; CLK Node = 'CLK'
        Info: 2: + IC(0.000 ns) + CELL(1.300 ns) = 3.600 ns; Loc. = LC14; Fanout = 24; REG Node = 'Part2:inst|inst31'
        Info: Total cell delay = 3.600 ns ( 100.00 % )
Info: tco from clock "CLK" to destination pin "MSB0" through register "inst5" is 14.100 ns
    Info: + Longest clock path from clock "CLK" to source register is 3.600 ns
        Info: 1: + IC(0.000 ns) + CELL(2.300 ns) = 2.300 ns; Loc. = PIN_43; Fanout = 11; CLK Node = 'CLK'
        Info: 2: + IC(0.000 ns) + CELL(1.300 ns) = 3.600 ns; Loc. = LC3; Fanout = 57; REG Node = 'inst5'
        Info: Total cell delay = 3.600 ns ( 100.00 % )
    Info: + Micro clock to output delay of source is 1.600 ns
    Info: + Longest register to pin delay is 8.900 ns
        Info: 1: + IC(0.000 ns) + CELL(0.000 ns) = 0.000 ns; Loc. = LC3; Fanout = 57; REG Node = 'inst5'
        Info: 2: + IC(2.600 ns) + CELL(4.500 ns) = 7.100 ns; Loc. = LC21; Fanout = 1; COMB Node = 'controller:inst26|inst16~5'
        Info: 3: + IC(0.000 ns) + CELL(1.800 ns) = 8.900 ns; Loc. = PIN_18; Fanout = 0; PIN Node = 'MSB0'
        Info: Total cell delay = 6.300 ns ( 70.79 % )
        Info: Total interconnect delay = 2.600 ns ( 29.21 % )
Info: th for register "Part2:inst|inst30" (data pin = "I3", clock pin = "CLK") is -2.000 ns
    Info: + Longest clock path from clock "CLK" to destination register is 3.600 ns
        Info: 1: + IC(0.000 ns) + CELL(2.300 ns) = 2.300 ns; Loc. = PIN_43; Fanout = 11; CLK Node = 'CLK'
        Info: 2: + IC(0.000 ns) + CELL(1.300 ns) = 3.600 ns; Loc. = LC11; Fanout = 5; REG Node = 'Part2:inst|inst30'
        Info: Total cell delay = 3.600 ns ( 100.00 % )
    Info: + Micro hold delay of destination is 1.300 ns
    Info: - Shortest pin to register delay is 6.900 ns
        Info: 1: + IC(0.000 ns) + CELL(1.400 ns) = 1.400 ns; Loc. = PIN_24; Fanout = 2; PIN Node = 'I3'
        Info: 2: + IC(2.300 ns) + CELL(3.200 ns) = 6.900 ns; Loc. = LC11; Fanout = 5; REG Node = 'Part2:inst|inst30'
        Info: Total cell delay = 4.600 ns ( 66.67 % )
        Info: Total interconnect delay = 2.300 ns ( 33.33 % )
Info: Quartus II Classic Timing Analyzer was successful. 0 errors, 2 warnings
    Info: Peak virtual memory: 172 megabytes
    Info: Processing ended: Fri Apr 08 04:59:53 2016
    Info: Elapsed time: 00:00:00
    Info: Total CPU time (on all processors): 00:00:01


