Flow report for Lab8
Fri Apr 08 04:59:53 2016
Quartus II Version 9.1 Build 350 03/24/2010 Service Pack 2 SJ Web Edition


---------------------
; Table of Contents ;
---------------------
  1. Legal Notice
  2. Flow Summary
  3. Flow Settings
  4. Flow Non-Default Global Settings
  5. Flow Elapsed Time
  6. Flow OS Summary
  7. Flow Log



----------------
; Legal Notice ;
----------------
Copyright (C) 1991-2010 Altera Corporation
Your use of Altera Corporation's design tools, logic functions 
and other software and tools, and its AMPP partner logic 
functions, and any output files from any of the foregoing 
(including device programming or simulation files), and any 
associated documentation or information are expressly subject 
to the terms and conditions of the Altera Program License 
Subscription Agreement, Altera MegaCore Function License 
Agreement, or other applicable license agreement, including, 
without limitation, that your use is for the sole purpose of 
programming logic devices manufactured by Altera and sold by 
Altera or its authorized distributors.  Please refer to the 
applicable agreement for further details.



+------------------------------------------------------------------------+
; Flow Summary                                                           ;
+-------------------------+----------------------------------------------+
; Flow Status             ; Successful - Fri Apr 08 04:59:53 2016        ;
; Quartus II Version      ; 9.1 Build 350 03/24/2010 SP 2 SJ Web Edition ;
; Revision Name           ; Lab8                                         ;
; Top-level Entity Name   ; part1                                        ;
; Family                  ; MAX3000A                                     ;
; Device                  ; EPM3064ALC44-10                              ;
; Timing Models           ; Final                                        ;
; Met timing requirements ; Yes                                          ;
; Total macrocells        ; 26 / 64 ( 41 % )                             ;
; Total pins              ; 29 / 34 ( 85 % )                             ;
+-------------------------+----------------------------------------------+


+-----------------------------------------+
; Flow Settings                           ;
+-------------------+---------------------+
; Option            ; Setting             ;
+-------------------+---------------------+
; Start date & time ; 04/08/2016 04:59:48 ;
; Main task         ; Compilation         ;
; Revision Name     ; Lab8                ;
+-------------------+---------------------+


+--------------------------------------------------------------------------------------------------------------------------------------------------------------+
; Flow Non-Default Global Settings                                                                                                                             ;
+------------------------------------+--------------------------------------------------------------------------+---------------+-------------+----------------+
; Assignment Name                    ; Value                                                                    ; Default Value ; Entity Name ; Section Id     ;
+------------------------------------+--------------------------------------------------------------------------+---------------+-------------+----------------+
; COMPILER_SIGNATURE_ID              ; 149890843483321.146010598809008                                          ; --            ; --          ; --             ;
; MAX_CORE_JUNCTION_TEMP             ; 85                                                                       ; --            ; --          ; --             ;
; MIN_CORE_JUNCTION_TEMP             ; 0                                                                        ; --            ; --          ; --             ;
; MISC_FILE                          ; C:/Users/Mitch/Classes/Spring 2016/EEL 3701_Digital Logic/Lab 8/Lab8.dpf ; --            ; --          ; --             ;
; TOP_LEVEL_ENTITY                   ; part1                                                                    ; Lab8          ; --          ; --             ;
; USE_GENERATED_PHYSICAL_CONSTRAINTS ; Off                                                                      ; --            ; --          ; eda_blast_fpga ;
+------------------------------------+--------------------------------------------------------------------------+---------------+-------------+----------------+


+-----------------------------------------------------------------------------------------------------------------------------+
; Flow Elapsed Time                                                                                                           ;
+-------------------------+--------------+-------------------------+---------------------+------------------------------------+
; Module Name             ; Elapsed Time ; Average Processors Used ; Peak Virtual Memory ; Total CPU Time (on all processors) ;
+-------------------------+--------------+-------------------------+---------------------+------------------------------------+
; Analysis & Synthesis    ; 00:00:02     ; 1.0                     ; 242 MB              ; 00:00:02                           ;
; Fitter                  ; 00:00:00     ; 1.0                     ; 177 MB              ; 00:00:01                           ;
; Assembler               ; 00:00:00     ; 1.0                     ; 187 MB              ; 00:00:00                           ;
; Classic Timing Analyzer ; 00:00:00     ; 1.0                     ; 159 MB              ; 00:00:00                           ;
; Total                   ; 00:00:02     ; --                      ; --                  ; 00:00:03                           ;
+-------------------------+--------------+-------------------------+---------------------+------------------------------------+


+------------------------------------------------------------------------------------------+
; Flow OS Summary                                                                          ;
+-------------------------+------------------+---------------+------------+----------------+
; Module Name             ; Machine Hostname ; OS Name       ; OS Version ; Processor type ;
+-------------------------+------------------+---------------+------------+----------------+
; Analysis & Synthesis    ; Mitch-PC         ; Windows Vista ; 6.1        ; x86_64         ;
; Fitter                  ; Mitch-PC         ; Windows Vista ; 6.1        ; x86_64         ;
; Assembler               ; Mitch-PC         ; Windows Vista ; 6.1        ; x86_64         ;
; Classic Timing Analyzer ; Mitch-PC         ; Windows Vista ; 6.1        ; x86_64         ;
+-------------------------+------------------+---------------+------------+----------------+


------------
; Flow Log ;
------------
quartus_map --read_settings_files=on --write_settings_files=off Lab8 -c Lab8
quartus_fit --read_settings_files=off --write_settings_files=off Lab8 -c Lab8
quartus_asm --read_settings_files=off --write_settings_files=off Lab8 -c Lab8
quartus_tan --read_settings_files=off --write_settings_files=off Lab8 -c Lab8



