Flow report for lab4ex
Fri Feb 05 16:32:21 2016
Quartus II Version 9.1 Build 350 03/24/2010 Service Pack 2 SJ Web Edition


---------------------
; Table of Contents ;
---------------------
  1. Legal Notice
  2. Flow Summary
  3. Flow Settings
  4. Flow Non-Default Global Settings
  5. Flow Elapsed Time
  6. Flow OS Summary
  7. Flow Log



----------------
; Legal Notice ;
----------------
Copyright (C) 1991-2010 Altera Corporation
Your use of Altera Corporation's design tools, logic functions 
and other software and tools, and its AMPP partner logic 
functions, and any output files from any of the foregoing 
(including device programming or simulation files), and any 
associated documentation or information are expressly subject 
to the terms and conditions of the Altera Program License 
Subscription Agreement, Altera MegaCore Function License 
Agreement, or other applicable license agreement, including, 
without limitation, that your use is for the sole purpose of 
programming logic devices manufactured by Altera and sold by 
Altera or its authorized distributors.  Please refer to the 
applicable agreement for further details.



+------------------------------------------------------------------------+
; Flow Summary                                                           ;
+-------------------------+----------------------------------------------+
; Flow Status             ; Successful - Fri Feb 05 16:32:21 2016        ;
; Quartus II Version      ; 9.1 Build 350 03/24/2010 SP 2 SJ Web Edition ;
; Revision Name           ; lab4ex                                       ;
; Top-level Entity Name   ; lab4part1                                    ;
; Family                  ; MAX3000A                                     ;
; Device                  ; EPM3064ALC44-10                              ;
; Timing Models           ; Final                                        ;
; Met timing requirements ; Yes                                          ;
; Total macrocells        ; 3 / 64 ( 5 % )                               ;
; Total pins              ; 11 / 34 ( 32 % )                             ;
+-------------------------+----------------------------------------------+


+-----------------------------------------+
; Flow Settings                           ;
+-------------------+---------------------+
; Option            ; Setting             ;
+-------------------+---------------------+
; Start date & time ; 02/05/2016 16:32:17 ;
; Main task         ; Compilation         ;
; Revision Name     ; lab4ex              ;
+-------------------+---------------------+


+----------------------------------------------------------------------------------------------------------------------------------------------------------------+
; Flow Non-Default Global Settings                                                                                                                               ;
+------------------------------------+----------------------------------------------------------------------------+---------------+-------------+----------------+
; Assignment Name                    ; Value                                                                      ; Default Value ; Entity Name ; Section Id     ;
+------------------------------------+----------------------------------------------------------------------------+---------------+-------------+----------------+
; COMPILER_SIGNATURE_ID              ; 149890843483321.145470793701116                                            ; --            ; --          ; --             ;
; MISC_FILE                          ; C:/Users/Mitch/Classes/Spring 2016/EEL 3701_Digital Logic/Lab 4/lab4ex.dpf ; --            ; --          ; --             ;
; TOP_LEVEL_ENTITY                   ; lab4part1                                                                  ; lab4ex        ; --          ; --             ;
; USE_GENERATED_PHYSICAL_CONSTRAINTS ; Off                                                                        ; --            ; --          ; eda_blast_fpga ;
+------------------------------------+----------------------------------------------------------------------------+---------------+-------------+----------------+


+-----------------------------------------------------------------------------------------------------------------------------+
; Flow Elapsed Time                                                                                                           ;
+-------------------------+--------------+-------------------------+---------------------+------------------------------------+
; Module Name             ; Elapsed Time ; Average Processors Used ; Peak Virtual Memory ; Total CPU Time (on all processors) ;
+-------------------------+--------------+-------------------------+---------------------+------------------------------------+
; Analysis & Synthesis    ; 00:00:01     ; 1.0                     ; 234 MB              ; 00:00:01                           ;
; Fitter                  ; 00:00:00     ; 1.0                     ; 179 MB              ; 00:00:00                           ;
; Assembler               ; 00:00:00     ; 1.0                     ; 190 MB              ; 00:00:00                           ;
; Classic Timing Analyzer ; 00:00:00     ; 1.0                     ; 161 MB              ; 00:00:00                           ;
; Total                   ; 00:00:01     ; --                      ; --                  ; 00:00:01                           ;
+-------------------------+--------------+-------------------------+---------------------+------------------------------------+


+------------------------------------------------------------------------------------------+
; Flow OS Summary                                                                          ;
+-------------------------+------------------+---------------+------------+----------------+
; Module Name             ; Machine Hostname ; OS Name       ; OS Version ; Processor type ;
+-------------------------+------------------+---------------+------------+----------------+
; Analysis & Synthesis    ; Mitch-PC         ; Windows Vista ; 6.1        ; x86_64         ;
; Fitter                  ; Mitch-PC         ; Windows Vista ; 6.1        ; x86_64         ;
; Assembler               ; Mitch-PC         ; Windows Vista ; 6.1        ; x86_64         ;
; Classic Timing Analyzer ; Mitch-PC         ; Windows Vista ; 6.1        ; x86_64         ;
+-------------------------+------------------+---------------+------------+----------------+


------------
; Flow Log ;
------------
quartus_map --read_settings_files=on --write_settings_files=off lab4ex -c lab4ex
quartus_fit --read_settings_files=off --write_settings_files=off lab4ex -c lab4ex
quartus_asm --read_settings_files=off --write_settings_files=off lab4ex -c lab4ex
quartus_tan --read_settings_files=off --write_settings_files=off lab4ex -c lab4ex



