Classic Timing Analyzer report for lab7_part1
Sat Mar 21 15:56:08 2015
Quartus II Version 9.1 Build 350 03/24/2010 Service Pack 2 SJ Web Edition


---------------------
; Table of Contents ;
---------------------
  1. Legal Notice
  2. Timing Analyzer Summary
  3. Timing Analyzer Settings
  4. Clock Settings Summary
  5. Parallel Compilation
  6. Clock Setup: 'CLK'
  7. tco
  8. tpd
  9. Timing Analyzer Messages



----------------
; Legal Notice ;
----------------
Copyright (C) 1991-2010 Altera Corporation
Your use of Altera Corporation's design tools, logic functions 
and other software and tools, and its AMPP partner logic 
functions, and any output files from any of the foregoing 
(including device programming or simulation files), and any 
associated documentation or information are expressly subject 
to the terms and conditions of the Altera Program License 
Subscription Agreement, Altera MegaCore Function License 
Agreement, or other applicable license agreement, including, 
without limitation, that your use is for the sole purpose of 
programming logic devices manufactured by Altera and sold by 
Altera or its authorized distributors.  Please refer to the 
applicable agreement for further details.



+------------------------------------------------------------------------------------------------------------------------------------------------+
; Timing Analyzer Summary                                                                                                                        ;
+------------------------------+-------+---------------+-----------------------------------+-------+------+------------+----------+--------------+
; Type                         ; Slack ; Required Time ; Actual Time                       ; From  ; To   ; From Clock ; To Clock ; Failed Paths ;
+------------------------------+-------+---------------+-----------------------------------+-------+------+------------+----------+--------------+
; Worst-case tco               ; N/A   ; None          ; 13.800 ns                         ; inst1 ; R1   ; CLK        ; --       ; 0            ;
; Worst-case tpd               ; N/A   ; None          ; 10.000 ns                         ; X     ; R0   ; --         ; --       ; 0            ;
; Clock Setup: 'CLK'           ; N/A   ; None          ; 100.00 MHz ( period = 10.000 ns ) ; inst  ; inst ; CLK        ; CLK      ; 0            ;
; Total number of failed paths ;       ;               ;                                   ;       ;      ;            ;          ; 0            ;
+------------------------------+-------+---------------+-----------------------------------+-------+------+------------+----------+--------------+


+-----------------------------------------------------------------------------------------------------------------------------------------------------+
; Timing Analyzer Settings                                                                                                                            ;
+------------------------------------------------------------------------------------------------------+--------------------+------+----+-------------+
; Option                                                                                               ; Setting            ; From ; To ; Entity Name ;
+------------------------------------------------------------------------------------------------------+--------------------+------+----+-------------+
; Device Name                                                                                          ; EPM3064ALC44-10    ;      ;    ;             ;
; Timing Models                                                                                        ; Final              ;      ;    ;             ;
; Default hold multicycle                                                                              ; Same as Multicycle ;      ;    ;             ;
; Cut paths between unrelated clock domains                                                            ; On                 ;      ;    ;             ;
; Cut off read during write signal paths                                                               ; On                 ;      ;    ;             ;
; Cut off feedback from I/O pins                                                                       ; On                 ;      ;    ;             ;
; Report Combined Fast/Slow Timing                                                                     ; Off                ;      ;    ;             ;
; Ignore Clock Settings                                                                                ; Off                ;      ;    ;             ;
; Analyze latches as synchronous elements                                                              ; On                 ;      ;    ;             ;
; Enable Recovery/Removal analysis                                                                     ; Off                ;      ;    ;             ;
; Enable Clock Latency                                                                                 ; Off                ;      ;    ;             ;
; Use TimeQuest Timing Analyzer                                                                        ; Off                ;      ;    ;             ;
; Minimum Core Junction Temperature                                                                    ; 0                  ;      ;    ;             ;
; Maximum Core Junction Temperature                                                                    ; 85                 ;      ;    ;             ;
; Number of source nodes to report per destination node                                                ; 10                 ;      ;    ;             ;
; Number of destination nodes to report                                                                ; 10                 ;      ;    ;             ;
; Number of paths to report                                                                            ; 200                ;      ;    ;             ;
; Report Minimum Timing Checks                                                                         ; Off                ;      ;    ;             ;
; Use Fast Timing Models                                                                               ; Off                ;      ;    ;             ;
; Report IO Paths Separately                                                                           ; Off                ;      ;    ;             ;
; Perform Multicorner Analysis                                                                         ; Off                ;      ;    ;             ;
; Reports the worst-case path for each clock domain and analysis                                       ; Off                ;      ;    ;             ;
; Reports worst-case timing paths for each clock domain and analysis                                   ; On                 ;      ;    ;             ;
; Specifies the maximum number of worst-case timing paths to report for each clock domain and analysis ; 100                ;      ;    ;             ;
; Removes common clock path pessimism (CCPP) during slack computation                                  ; Off                ;      ;    ;             ;
; Output I/O Timing Endpoint                                                                           ; Near End           ;      ;    ;             ;
+------------------------------------------------------------------------------------------------------+--------------------+------+----+-------------+


+------------------------------------------------------------------------------------------------------------------------------------------------------------------------------------+
; Clock Settings Summary                                                                                                                                                             ;
+-----------------+--------------------+----------+------------------+---------------+--------------+----------+-----------------------+---------------------+--------+--------------+
; Clock Node Name ; Clock Setting Name ; Type     ; Fmax Requirement ; Early Latency ; Late Latency ; Based on ; Multiply Base Fmax by ; Divide Base Fmax by ; Offset ; Phase offset ;
+-----------------+--------------------+----------+------------------+---------------+--------------+----------+-----------------------+---------------------+--------+--------------+
; CLK             ;                    ; User Pin ; None             ; 0.000 ns      ; 0.000 ns     ; --       ; N/A                   ; N/A                 ; N/A    ;              ;
+-----------------+--------------------+----------+------------------+---------------+--------------+----------+-----------------------+---------------------+--------+--------------+


Parallel compilation was disabled, but you have multiple processors available. Enable parallel compilation to reduce compilation time.
+-------------------------------------+
; Parallel Compilation                ;
+----------------------------+--------+
; Processors                 ; Number ;
+----------------------------+--------+
; Number detected on machine ; 2      ;
; Maximum allowed            ; 1      ;
+----------------------------+--------+


+-----------------------------------------------------------------------------------------------------------------------------------------------------------------------+
; Clock Setup: 'CLK'                                                                                                                                                    ;
+-------+-----------------------------------+-------+-------+------------+----------+-----------------------------+---------------------------+-------------------------+
; Slack ; Actual fmax (period)              ; From  ; To    ; From Clock ; To Clock ; Required Setup Relationship ; Required Longest P2P Time ; Actual Longest P2P Time ;
+-------+-----------------------------------+-------+-------+------------+----------+-----------------------------+---------------------------+-------------------------+
; N/A   ; 100.00 MHz ( period = 10.000 ns ) ; inst1 ; inst1 ; CLK        ; CLK      ; None                        ; None                      ; 5.500 ns                ;
; N/A   ; 100.00 MHz ( period = 10.000 ns ) ; inst  ; inst  ; CLK        ; CLK      ; None                        ; None                      ; 5.500 ns                ;
; N/A   ; 125.00 MHz ( period = 8.000 ns )  ; inst1 ; inst  ; CLK        ; CLK      ; None                        ; None                      ; 3.500 ns                ;
+-------+-----------------------------------+-------+-------+------------+----------+-----------------------------+---------------------------+-------------------------+


+-------------------------------------------------------------+
; tco                                                         ;
+-------+--------------+------------+-------+----+------------+
; Slack ; Required tco ; Actual tco ; From  ; To ; From Clock ;
+-------+--------------+------------+-------+----+------------+
; N/A   ; None         ; 13.800 ns  ; inst1 ; R2 ; CLK        ;
; N/A   ; None         ; 13.800 ns  ; inst  ; R2 ; CLK        ;
; N/A   ; None         ; 13.800 ns  ; inst1 ; R3 ; CLK        ;
; N/A   ; None         ; 13.800 ns  ; inst  ; R3 ; CLK        ;
; N/A   ; None         ; 13.800 ns  ; inst1 ; R1 ; CLK        ;
; N/A   ; None         ; 7.000 ns   ; inst  ; Q1 ; CLK        ;
; N/A   ; None         ; 7.000 ns   ; inst1 ; Q0 ; CLK        ;
+-------+--------------+------------+-------+----+------------+


+---------------------------------------------------------+
; tpd                                                     ;
+-------+-------------------+-----------------+------+----+
; Slack ; Required P2P Time ; Actual P2P Time ; From ; To ;
+-------+-------------------+-----------------+------+----+
; N/A   ; None              ; 10.000 ns       ; X    ; R2 ;
; N/A   ; None              ; 10.000 ns       ; X    ; R3 ;
; N/A   ; None              ; 10.000 ns       ; X    ; R0 ;
+-------+-------------------+-----------------+------+----+


+--------------------------+
; Timing Analyzer Messages ;
+--------------------------+
Info: *******************************************************************
Info: Running Quartus II Classic Timing Analyzer
    Info: Version 9.1 Build 350 03/24/2010 Service Pack 2 SJ Web Edition
    Info: Processing started: Sat Mar 21 15:56:07 2015
Info: Command: quartus_tan --read_settings_files=off --write_settings_files=off lab7_part1 -c lab7_part1
Info: Started post-fitting delay annotation
Info: Delay annotation completed successfully
Warning: Timing Analysis does not support the analysis of latches as synchronous elements for the currently selected device family
Warning: Found pins functioning as undefined clocks and/or memory enables
    Info: Assuming node "CLK" is an undefined clock
Info: Clock "CLK" has Internal fmax of 100.0 MHz between source register "inst1" and destination register "inst1" (period= 10.0 ns)
    Info: + Longest register to register delay is 5.500 ns
        Info: 1: + IC(0.000 ns) + CELL(0.000 ns) = 0.000 ns; Loc. = LC3; Fanout = 7; REG Node = 'inst1'
        Info: 2: + IC(0.000 ns) + CELL(5.500 ns) = 5.500 ns; Loc. = LC3; Fanout = 7; REG Node = 'inst1'
        Info: Total cell delay = 5.500 ns ( 100.00 % )
    Info: - Smallest clock skew is 0.000 ns
        Info: + Shortest clock path from clock "CLK" to destination register is 3.600 ns
            Info: 1: + IC(0.000 ns) + CELL(2.300 ns) = 2.300 ns; Loc. = PIN_43; Fanout = 2; CLK Node = 'CLK'
            Info: 2: + IC(0.000 ns) + CELL(1.300 ns) = 3.600 ns; Loc. = LC3; Fanout = 7; REG Node = 'inst1'
            Info: Total cell delay = 3.600 ns ( 100.00 % )
        Info: - Longest clock path from clock "CLK" to source register is 3.600 ns
            Info: 1: + IC(0.000 ns) + CELL(2.300 ns) = 2.300 ns; Loc. = PIN_43; Fanout = 2; CLK Node = 'CLK'
            Info: 2: + IC(0.000 ns) + CELL(1.300 ns) = 3.600 ns; Loc. = LC3; Fanout = 7; REG Node = 'inst1'
            Info: Total cell delay = 3.600 ns ( 100.00 % )
    Info: + Micro clock to output delay of source is 1.600 ns
    Info: + Micro setup delay of destination is 2.900 ns
Info: tco from clock "CLK" to destination pin "R2" through register "inst1" is 13.800 ns
    Info: + Longest clock path from clock "CLK" to source register is 3.600 ns
        Info: 1: + IC(0.000 ns) + CELL(2.300 ns) = 2.300 ns; Loc. = PIN_43; Fanout = 2; CLK Node = 'CLK'
        Info: 2: + IC(0.000 ns) + CELL(1.300 ns) = 3.600 ns; Loc. = LC3; Fanout = 7; REG Node = 'inst1'
        Info: Total cell delay = 3.600 ns ( 100.00 % )
    Info: + Micro clock to output delay of source is 1.600 ns
    Info: + Longest register to pin delay is 8.600 ns
        Info: 1: + IC(0.000 ns) + CELL(0.000 ns) = 0.000 ns; Loc. = LC3; Fanout = 7; REG Node = 'inst1'
        Info: 2: + IC(2.300 ns) + CELL(4.500 ns) = 6.800 ns; Loc. = LC14; Fanout = 1; COMB Node = 'inst15~6'
        Info: 3: + IC(0.000 ns) + CELL(1.800 ns) = 8.600 ns; Loc. = PIN_5; Fanout = 0; PIN Node = 'R2'
        Info: Total cell delay = 6.300 ns ( 73.26 % )
        Info: Total interconnect delay = 2.300 ns ( 26.74 % )
Info: Longest tpd from source pin "X" to destination pin "R2" is 10.000 ns
    Info: 1: + IC(0.000 ns) + CELL(1.400 ns) = 1.400 ns; Loc. = PIN_4; Fanout = 4; PIN Node = 'X'
    Info: 2: + IC(2.300 ns) + CELL(4.500 ns) = 8.200 ns; Loc. = LC14; Fanout = 1; COMB Node = 'inst15~6'
    Info: 3: + IC(0.000 ns) + CELL(1.800 ns) = 10.000 ns; Loc. = PIN_5; Fanout = 0; PIN Node = 'R2'
    Info: Total cell delay = 7.700 ns ( 77.00 % )
    Info: Total interconnect delay = 2.300 ns ( 23.00 % )
Info: Quartus II Classic Timing Analyzer was successful. 0 errors, 2 warnings
    Info: Peak virtual memory: 162 megabytes
    Info: Processing ended: Sat Mar 21 15:56:08 2015
    Info: Elapsed time: 00:00:01
    Info: Total CPU time (on all processors): 00:00:00


